[15.429s] Invoking command in '/home/guilherme04/turtle_workspace/src/turtle_pond': PYTHONPATH=/home/guilherme04/turtle_workspace/build/turtle_pond/prefix_override:/home/guilherme04/turtle_workspace/install/turtle_pond/lib/python3.10/site-packages:${PYTHONPATH} /usr/bin/python3 -W ignore:setup.py install is deprecated setup.py egg_info --egg-base ../../build/turtle_pond build --build-base /home/guilherme04/turtle_workspace/build/turtle_pond/build install --record /home/guilherme04/turtle_workspace/build/turtle_pond/install.log --single-version-externally-managed install_data
[19.479s] running egg_info
[19.511s] writing ../../build/turtle_pond/turtle_pond.egg-info/PKG-INFO
[19.515s] writing dependency_links to ../../build/turtle_pond/turtle_pond.egg-info/dependency_links.txt
[19.532s] writing entry points to ../../build/turtle_pond/turtle_pond.egg-info/entry_points.txt
[19.533s] writing requirements to ../../build/turtle_pond/turtle_pond.egg-info/requires.txt
[19.535s] writing top-level names to ../../build/turtle_pond/turtle_pond.egg-info/top_level.txt
[19.567s] reading manifest file '../../build/turtle_pond/turtle_pond.egg-info/SOURCES.txt'
[19.571s] writing manifest file '../../build/turtle_pond/turtle_pond.egg-info/SOURCES.txt'
[19.572s] running build
[19.572s] running build_py
[19.574s] running install
[19.574s] running install_lib
[19.584s] running install_data
[19.585s] running install_egg_info
[19.592s] removing '/home/guilherme04/turtle_workspace/install/turtle_pond/lib/python3.10/site-packages/turtle_pond-0.0.0-py3.10.egg-info' (and everything under it)
[19.594s] Copying ../../build/turtle_pond/turtle_pond.egg-info to /home/guilherme04/turtle_workspace/install/turtle_pond/lib/python3.10/site-packages/turtle_pond-0.0.0-py3.10.egg-info
[19.607s] running install_scripts
[19.911s] Installing turtle script to /home/guilherme04/turtle_workspace/install/turtle_pond/lib/turtle_pond
[19.914s] writing list of installed files to '/home/guilherme04/turtle_workspace/build/turtle_pond/install.log'
[20.429s] Invoked command in '/home/guilherme04/turtle_workspace/src/turtle_pond' returned '0': PYTHONPATH=/home/guilherme04/turtle_workspace/build/turtle_pond/prefix_override:/home/guilherme04/turtle_workspace/install/turtle_pond/lib/python3.10/site-packages:${PYTHONPATH} /usr/bin/python3 -W ignore:setup.py install is deprecated setup.py egg_info --egg-base ../../build/turtle_pond build --build-base /home/guilherme04/turtle_workspace/build/turtle_pond/build install --record /home/guilherme04/turtle_workspace/build/turtle_pond/install.log --single-version-externally-managed install_data
