[2.008s] DEBUG:colcon:Command line arguments: ['/usr/bin/colcon', 'build']
[2.009s] DEBUG:colcon:Parsed command line arguments: Namespace(log_base=None, log_level=None, verb_name='build', build_base='build', install_base='install', merge_install=False, symlink_install=False, test_result_base=None, continue_on_error=False, executor='parallel', parallel_workers=8, event_handlers=None, ignore_user_meta=False, metas=['./colcon.meta'], base_paths=['.'], packages_ignore=None, packages_ignore_regex=None, paths=None, packages_up_to=None, packages_up_to_regex=None, packages_above=None, packages_above_and_dependencies=None, packages_above_depth=None, packages_select_by_dep=None, packages_skip_by_dep=None, packages_skip_up_to=None, packages_select_build_failed=False, packages_skip_build_finished=False, packages_select_test_failures=False, packages_skip_test_passed=False, packages_select=None, packages_skip=None, packages_select_regex=None, packages_skip_regex=None, packages_start=None, packages_end=None, allow_overriding=[], cmake_args=None, cmake_target=None, cmake_target_skip_unavailable=False, cmake_clean_cache=False, cmake_clean_first=False, cmake_force_configure=False, ament_cmake_args=None, catkin_cmake_args=None, catkin_skip_building_tests=False, verb_parser=<colcon_defaults.argument_parser.defaults.DefaultArgumentsDecorator object at 0x7f3a8bd5c7c0>, verb_extension=<colcon_core.verb.build.BuildVerb object at 0x7f3a8bd5c1f0>, main=<bound method BuildVerb.main of <colcon_core.verb.build.BuildVerb object at 0x7f3a8bd5c1f0>>)
[5.700s] Level 1:colcon.colcon_core.package_discovery:discover_packages(colcon_meta) check parameters
[5.710s] Level 1:colcon.colcon_core.package_discovery:discover_packages(recursive) check parameters
[5.711s] Level 1:colcon.colcon_core.package_discovery:discover_packages(ignore) check parameters
[5.712s] Level 1:colcon.colcon_core.package_discovery:discover_packages(path) check parameters
[5.712s] Level 1:colcon.colcon_core.package_discovery:discover_packages(colcon_meta) discover
[5.712s] Level 1:colcon.colcon_core.package_discovery:discover_packages(recursive) discover
[5.713s] INFO:colcon.colcon_core.package_discovery:Crawling recursively for packages in '/home/guilherme04/turtle_workspace/src/burguer_controller'
[5.714s] Level 1:colcon.colcon_core.package_identification:_identify(.) by extensions ['ignore', 'ignore_ament_install']
[5.715s] Level 1:colcon.colcon_core.package_identification:_identify(.) by extension 'ignore'
[5.715s] Level 1:colcon.colcon_core.package_identification:_identify(.) by extension 'ignore_ament_install'
[5.718s] Level 1:colcon.colcon_core.package_identification:_identify(.) by extensions ['colcon_pkg']
[5.719s] Level 1:colcon.colcon_core.package_identification:_identify(.) by extension 'colcon_pkg'
[5.730s] Level 1:colcon.colcon_core.package_identification:_identify(.) by extensions ['colcon_meta']
[5.731s] Level 1:colcon.colcon_core.package_identification:_identify(.) by extension 'colcon_meta'
[5.732s] Level 1:colcon.colcon_core.package_identification:_identify(.) by extensions ['ros']
[5.734s] Level 1:colcon.colcon_core.package_identification:_identify(.) by extension 'ros'
[5.867s] DEBUG:colcon.colcon_core.package_identification:Package '.' with type 'ros.ament_python' and name 'burguer_controller'
[5.868s] Level 1:colcon.colcon_core.package_discovery:discover_packages(recursive) using defaults
[5.873s] Level 1:colcon.colcon_core.package_discovery:discover_packages(ignore) discover
[5.877s] Level 1:colcon.colcon_core.package_discovery:discover_packages(ignore) using defaults
[5.879s] Level 1:colcon.colcon_core.package_discovery:discover_packages(path) discover
[5.880s] Level 1:colcon.colcon_core.package_discovery:discover_packages(path) using defaults
[6.157s] Level 1:colcon.colcon_core.package_discovery:discover_packages(prefix_path) check parameters
[6.160s] Level 1:colcon.colcon_core.package_discovery:discover_packages(prefix_path) discover
[6.202s] DEBUG:colcon.colcon_installed_package_information.package_discovery:Found 4 installed packages in /home/guilherme04/turtle_workspace/install
[6.221s] DEBUG:colcon.colcon_installed_package_information.package_discovery:Found 396 installed packages in /opt/ros/humble
[6.247s] Level 1:colcon.colcon_core.package_discovery:discover_packages(prefix_path) using defaults
[6.721s] Level 5:colcon.colcon_core.verb:set package 'burguer_controller' build argument 'cmake_args' from command line to 'None'
[6.721s] Level 5:colcon.colcon_core.verb:set package 'burguer_controller' build argument 'cmake_target' from command line to 'None'
[6.721s] Level 5:colcon.colcon_core.verb:set package 'burguer_controller' build argument 'cmake_target_skip_unavailable' from command line to 'False'
[6.721s] Level 5:colcon.colcon_core.verb:set package 'burguer_controller' build argument 'cmake_clean_cache' from command line to 'False'
[6.721s] Level 5:colcon.colcon_core.verb:set package 'burguer_controller' build argument 'cmake_clean_first' from command line to 'False'
[6.721s] Level 5:colcon.colcon_core.verb:set package 'burguer_controller' build argument 'cmake_force_configure' from command line to 'False'
[6.721s] Level 5:colcon.colcon_core.verb:set package 'burguer_controller' build argument 'ament_cmake_args' from command line to 'None'
[6.721s] Level 5:colcon.colcon_core.verb:set package 'burguer_controller' build argument 'catkin_cmake_args' from command line to 'None'
[6.721s] Level 5:colcon.colcon_core.verb:set package 'burguer_controller' build argument 'catkin_skip_building_tests' from command line to 'False'
[6.721s] DEBUG:colcon.colcon_core.verb:Building package 'burguer_controller' with the following arguments: {'ament_cmake_args': None, 'build_base': '/home/guilherme04/turtle_workspace/src/burguer_controller/build/burguer_controller', 'catkin_cmake_args': None, 'catkin_skip_building_tests': False, 'cmake_args': None, 'cmake_clean_cache': False, 'cmake_clean_first': False, 'cmake_force_configure': False, 'cmake_target': None, 'cmake_target_skip_unavailable': False, 'install_base': '/home/guilherme04/turtle_workspace/src/burguer_controller/install/burguer_controller', 'merge_install': False, 'path': '/home/guilherme04/turtle_workspace/src/burguer_controller', 'symlink_install': False, 'test_result_base': None}
[6.722s] INFO:colcon.colcon_core.executor:Executing jobs using 'parallel' executor
[6.727s] DEBUG:colcon.colcon_parallel_executor.executor.parallel:run_until_complete
[6.730s] INFO:colcon.colcon_ros.task.ament_python.build:Building ROS package in '/home/guilherme04/turtle_workspace/src/burguer_controller' with build type 'ament_python'
[6.735s] Level 1:colcon.colcon_core.shell:create_environment_hook('burguer_controller', 'ament_prefix_path')
[6.770s] INFO:colcon.colcon_core.plugin_system:Skipping extension 'colcon_core.shell.bat': Not used on non-Windows systems
[6.771s] INFO:colcon.colcon_core.shell:Creating environment hook '/home/guilherme04/turtle_workspace/src/burguer_controller/install/burguer_controller/share/burguer_controller/hook/ament_prefix_path.ps1'
[6.789s] INFO:colcon.colcon_core.shell:Creating environment descriptor '/home/guilherme04/turtle_workspace/src/burguer_controller/install/burguer_controller/share/burguer_controller/hook/ament_prefix_path.dsv'
[6.791s] INFO:colcon.colcon_core.shell:Creating environment hook '/home/guilherme04/turtle_workspace/src/burguer_controller/install/burguer_controller/share/burguer_controller/hook/ament_prefix_path.sh'
[6.811s] INFO:colcon.colcon_core.shell:Skip shell extension 'powershell' for command environment: Not usable outside of PowerShell
[6.821s] DEBUG:colcon.colcon_core.shell:Skip shell extension 'dsv' for command environment
[10.422s] INFO:colcon.colcon_core.task.python.build:Building Python package in '/home/guilherme04/turtle_workspace/src/burguer_controller'
[10.424s] INFO:colcon.colcon_core.shell:Skip shell extension 'powershell' for command environment: Not usable outside of PowerShell
[10.425s] DEBUG:colcon.colcon_core.shell:Skip shell extension 'dsv' for command environment
[16.155s] DEBUG:colcon.colcon_core.event_handler.log_command:Invoking command in '/home/guilherme04/turtle_workspace/src/burguer_controller': PYTHONPATH=/home/guilherme04/turtle_workspace/src/burguer_controller/build/burguer_controller/prefix_override:/home/guilherme04/turtle_workspace/src/burguer_controller/install/burguer_controller/lib/python3.10/site-packages:${PYTHONPATH} /usr/bin/python3 -W ignore:setup.py install is deprecated setup.py egg_info --egg-base build/burguer_controller build --build-base /home/guilherme04/turtle_workspace/src/burguer_controller/build/burguer_controller/build install --record /home/guilherme04/turtle_workspace/src/burguer_controller/build/burguer_controller/install.log --single-version-externally-managed install_data
[20.594s] DEBUG:colcon.colcon_core.event_handler.log_command:Invoked command in '/home/guilherme04/turtle_workspace/src/burguer_controller' returned '0': PYTHONPATH=/home/guilherme04/turtle_workspace/src/burguer_controller/build/burguer_controller/prefix_override:/home/guilherme04/turtle_workspace/src/burguer_controller/install/burguer_controller/lib/python3.10/site-packages:${PYTHONPATH} /usr/bin/python3 -W ignore:setup.py install is deprecated setup.py egg_info --egg-base build/burguer_controller build --build-base /home/guilherme04/turtle_workspace/src/burguer_controller/build/burguer_controller/build install --record /home/guilherme04/turtle_workspace/src/burguer_controller/build/burguer_controller/install.log --single-version-externally-managed install_data
[20.615s] Level 1:colcon.colcon_core.environment:checking '/home/guilherme04/turtle_workspace/src/burguer_controller/install/burguer_controller' for CMake module files
[20.618s] Level 1:colcon.colcon_core.environment:checking '/home/guilherme04/turtle_workspace/src/burguer_controller/install/burguer_controller' for CMake config files
[20.621s] Level 1:colcon.colcon_core.environment:checking '/home/guilherme04/turtle_workspace/src/burguer_controller/install/burguer_controller/lib'
[20.622s] Level 1:colcon.colcon_core.environment:checking '/home/guilherme04/turtle_workspace/src/burguer_controller/install/burguer_controller/bin'
[20.623s] Level 1:colcon.colcon_core.environment:checking '/home/guilherme04/turtle_workspace/src/burguer_controller/install/burguer_controller/lib/pkgconfig/burguer_controller.pc'
[20.631s] Level 1:colcon.colcon_core.environment:checking '/home/guilherme04/turtle_workspace/src/burguer_controller/install/burguer_controller/lib/python3.10/site-packages'
[20.632s] Level 1:colcon.colcon_core.shell:create_environment_hook('burguer_controller', 'pythonpath')
[20.633s] INFO:colcon.colcon_core.shell:Creating environment hook '/home/guilherme04/turtle_workspace/src/burguer_controller/install/burguer_controller/share/burguer_controller/hook/pythonpath.ps1'
[20.635s] INFO:colcon.colcon_core.shell:Creating environment descriptor '/home/guilherme04/turtle_workspace/src/burguer_controller/install/burguer_controller/share/burguer_controller/hook/pythonpath.dsv'
[20.637s] INFO:colcon.colcon_core.shell:Creating environment hook '/home/guilherme04/turtle_workspace/src/burguer_controller/install/burguer_controller/share/burguer_controller/hook/pythonpath.sh'
[20.640s] Level 1:colcon.colcon_core.environment:checking '/home/guilherme04/turtle_workspace/src/burguer_controller/install/burguer_controller/bin'
[20.641s] Level 1:colcon.colcon_core.environment:create_environment_scripts_only(burguer_controller)
[20.650s] INFO:colcon.colcon_core.shell:Creating package script '/home/guilherme04/turtle_workspace/src/burguer_controller/install/burguer_controller/share/burguer_controller/package.ps1'
[20.694s] INFO:colcon.colcon_core.shell:Creating package descriptor '/home/guilherme04/turtle_workspace/src/burguer_controller/install/burguer_controller/share/burguer_controller/package.dsv'
[20.724s] INFO:colcon.colcon_core.shell:Creating package script '/home/guilherme04/turtle_workspace/src/burguer_controller/install/burguer_controller/share/burguer_controller/package.sh'
[20.742s] INFO:colcon.colcon_core.shell:Creating package script '/home/guilherme04/turtle_workspace/src/burguer_controller/install/burguer_controller/share/burguer_controller/package.bash'
[20.763s] INFO:colcon.colcon_core.shell:Creating package script '/home/guilherme04/turtle_workspace/src/burguer_controller/install/burguer_controller/share/burguer_controller/package.zsh'
[20.784s] Level 1:colcon.colcon_core.environment:create_file_with_runtime_dependencies(/home/guilherme04/turtle_workspace/src/burguer_controller/install/burguer_controller/share/colcon-core/packages/burguer_controller)
[20.798s] DEBUG:colcon.colcon_parallel_executor.executor.parallel:closing loop
[20.814s] DEBUG:colcon.colcon_parallel_executor.executor.parallel:loop closed
[20.835s] DEBUG:colcon.colcon_parallel_executor.executor.parallel:run_until_complete finished with '0'
[20.837s] DEBUG:colcon.colcon_core.event_reactor:joining thread
[21.278s] INFO:colcon.colcon_core.plugin_system:Skipping extension 'colcon_notification.desktop_notification.notify_send': Could not find 'notify-send'
[21.278s] INFO:colcon.colcon_core.plugin_system:Skipping extension 'colcon_notification.desktop_notification.terminal_notifier': Not used on non-Darwin systems
[21.279s] INFO:colcon.colcon_core.plugin_system:Skipping extension 'colcon_notification.desktop_notification.win32': Not used on non-Windows systems
[21.279s] INFO:colcon.colcon_notification.desktop_notification:Sending desktop notification using 'notify2'
[21.281s] DEBUG:colcon.colcon_notification.desktop_notification.notify2:Failed to initialize notify2: org.freedesktop.DBus.Error.FileNotFound: Failed to connect to socket /run/user/1000/bus: No such file or directory
[21.282s] DEBUG:colcon.colcon_core.event_reactor:joined thread
[21.284s] INFO:colcon.colcon_core.shell:Creating prefix script '/home/guilherme04/turtle_workspace/src/burguer_controller/install/local_setup.ps1'
[21.291s] INFO:colcon.colcon_core.shell:Creating prefix util module '/home/guilherme04/turtle_workspace/src/burguer_controller/install/_local_setup_util_ps1.py'
[21.301s] INFO:colcon.colcon_core.shell:Creating prefix chain script '/home/guilherme04/turtle_workspace/src/burguer_controller/install/setup.ps1'
[21.319s] INFO:colcon.colcon_core.shell:Creating prefix script '/home/guilherme04/turtle_workspace/src/burguer_controller/install/local_setup.sh'
[21.323s] INFO:colcon.colcon_core.shell:Creating prefix util module '/home/guilherme04/turtle_workspace/src/burguer_controller/install/_local_setup_util_sh.py'
[21.339s] INFO:colcon.colcon_core.shell:Creating prefix chain script '/home/guilherme04/turtle_workspace/src/burguer_controller/install/setup.sh'
[21.367s] INFO:colcon.colcon_core.shell:Creating prefix script '/home/guilherme04/turtle_workspace/src/burguer_controller/install/local_setup.bash'
[21.447s] INFO:colcon.colcon_core.shell:Creating prefix chain script '/home/guilherme04/turtle_workspace/src/burguer_controller/install/setup.bash'
[21.451s] INFO:colcon.colcon_core.shell:Creating prefix script '/home/guilherme04/turtle_workspace/src/burguer_controller/install/local_setup.zsh'
[21.467s] INFO:colcon.colcon_core.shell:Creating prefix chain script '/home/guilherme04/turtle_workspace/src/burguer_controller/install/setup.zsh'
