[0.717s] Invoking command in '/home/guilherme04/turtle_workspace/build/turtlesim': CMAKE_PREFIX_PATH=/opt/ros/humble /usr/bin/cmake --build /home/guilherme04/turtle_workspace/build/turtlesim -- -j8 -l8
[1.105s] [  1%] Built target turtlesim__cpp
[1.162s] [  1%] Built target ament_cmake_python_copy_turtlesim
[1.170s] [ 11%] Built target turtlesim__rosidl_generator_c
[1.247s] [ 21%] Built target turtlesim__rosidl_typesupport_introspection_cpp
[1.252s] [ 41%] Built target turtlesim__rosidl_typesupport_introspection_c
[1.253s] [ 41%] Built target turtlesim__rosidl_typesupport_c
[1.256s] [ 51%] Built target turtlesim__rosidl_typesupport_cpp
[1.274s] [ 66%] Built target turtlesim__rosidl_typesupport_fastrtps_c
[1.276s] [ 71%] Built target turtlesim__rosidl_typesupport_fastrtps_cpp
[1.330s] [ 71%] Built target turtlesim
[1.375s] [ 72%] Built target turtlesim__py
[1.459s] [ 81%] Built target turtlesim__rosidl_generator_py
[1.472s] [ 84%] Built target mimic
[1.473s] [ 87%] Built target draw_square
[1.475s] [ 91%] Built target turtlesim_node
[1.476s] [ 93%] Built target turtle_teleop_key
[1.507s] [100%] Built target turtlesim__rosidl_typesupport_c__pyext
[1.507s] [100%] Built target turtlesim__rosidl_typesupport_introspection_c__pyext
[1.508s] [100%] Built target turtlesim__rosidl_typesupport_fastrtps_c__pyext
[1.699s] running egg_info
[1.700s] writing turtlesim.egg-info/PKG-INFO
[1.701s] writing dependency_links to turtlesim.egg-info/dependency_links.txt
[1.702s] writing top-level names to turtlesim.egg-info/top_level.txt
[1.706s] reading manifest file 'turtlesim.egg-info/SOURCES.txt'
[1.707s] writing manifest file 'turtlesim.egg-info/SOURCES.txt'
[1.777s] [100%] Built target ament_cmake_python_build_turtlesim_egg
[1.796s] Invoked command in '/home/guilherme04/turtle_workspace/build/turtlesim' returned '0': CMAKE_PREFIX_PATH=/opt/ros/humble /usr/bin/cmake --build /home/guilherme04/turtle_workspace/build/turtlesim -- -j8 -l8
[2.184s] Invoking command in '/home/guilherme04/turtle_workspace/build/turtlesim': CMAKE_PREFIX_PATH=/opt/ros/humble /usr/bin/cmake --install /home/guilherme04/turtle_workspace/build/turtlesim
[2.195s] -- Install configuration: ""
[2.197s] -- Up-to-date: /home/guilherme04/turtle_workspace/install/turtlesim/share/ament_index/resource_index/rosidl_interfaces/turtlesim
[2.197s] -- Up-to-date: /home/guilherme04/turtle_workspace/install/turtlesim/include/turtlesim/turtlesim
[2.198s] -- Up-to-date: /home/guilherme04/turtle_workspace/install/turtlesim/include/turtlesim/turtlesim/srv
[2.198s] -- Up-to-date: /home/guilherme04/turtle_workspace/install/turtlesim/include/turtlesim/turtlesim/srv/kill.h
[2.198s] -- Up-to-date: /home/guilherme04/turtle_workspace/install/turtlesim/include/turtlesim/turtlesim/srv/teleport_absolute.h
[2.199s] -- Up-to-date: /home/guilherme04/turtle_workspace/install/turtlesim/include/turtlesim/turtlesim/srv/spawn.h
[2.199s] -- Up-to-date: /home/guilherme04/turtle_workspace/install/turtlesim/include/turtlesim/turtlesim/srv/set_pen.h
[2.199s] -- Up-to-date: /home/guilherme04/turtle_workspace/install/turtlesim/include/turtlesim/turtlesim/srv/detail
[2.200s] -- Up-to-date: /home/guilherme04/turtle_workspace/install/turtlesim/include/turtlesim/turtlesim/srv/detail/teleport_absolute__functions.h
[2.200s] -- Up-to-date: /home/guilherme04/turtle_workspace/install/turtlesim/include/turtlesim/turtlesim/srv/detail/spawn__type_support.h
[2.200s] -- Up-to-date: /home/guilherme04/turtle_workspace/install/turtlesim/include/turtlesim/turtlesim/srv/detail/teleport_relative__type_support.h
[2.200s] -- Up-to-date: /home/guilherme04/turtle_workspace/install/turtlesim/include/turtlesim/turtlesim/srv/detail/teleport_absolute__type_support.h
[2.200s] -- Up-to-date: /home/guilherme04/turtle_workspace/install/turtlesim/include/turtlesim/turtlesim/srv/detail/set_pen__struct.h
[2.201s] -- Up-to-date: /home/guilherme04/turtle_workspace/install/turtlesim/include/turtlesim/turtlesim/srv/detail/kill__struct.h
[2.202s] -- Up-to-date: /home/guilherme04/turtle_workspace/install/turtlesim/include/turtlesim/turtlesim/srv/detail/teleport_relative__functions.h
[2.202s] -- Up-to-date: /home/guilherme04/turtle_workspace/install/turtlesim/include/turtlesim/turtlesim/srv/detail/teleport_absolute__functions.c
[2.202s] -- Up-to-date: /home/guilherme04/turtle_workspace/install/turtlesim/include/turtlesim/turtlesim/srv/detail/teleport_absolute__struct.h
[2.203s] -- Up-to-date: /home/guilherme04/turtle_workspace/install/turtlesim/include/turtlesim/turtlesim/srv/detail/spawn__functions.c
[2.203s] -- Up-to-date: /home/guilherme04/turtle_workspace/install/turtlesim/include/turtlesim/turtlesim/srv/detail/teleport_relative__functions.c
[2.203s] -- Up-to-date: /home/guilherme04/turtle_workspace/install/turtlesim/include/turtlesim/turtlesim/srv/detail/spawn__struct.h
[2.204s] -- Up-to-date: /home/guilherme04/turtle_workspace/install/turtlesim/include/turtlesim/turtlesim/srv/detail/teleport_relative__struct.h
[2.204s] -- Up-to-date: /home/guilherme04/turtle_workspace/install/turtlesim/include/turtlesim/turtlesim/srv/detail/kill__functions.h
[2.204s] -- Up-to-date: /home/guilherme04/turtle_workspace/install/turtlesim/include/turtlesim/turtlesim/srv/detail/kill__type_support.h
[2.204s] -- Up-to-date: /home/guilherme04/turtle_workspace/install/turtlesim/include/turtlesim/turtlesim/srv/detail/set_pen__functions.c
[2.205s] -- Up-to-date: /home/guilherme04/turtle_workspace/install/turtlesim/include/turtlesim/turtlesim/srv/detail/set_pen__type_support.h
[2.205s] -- Up-to-date: /home/guilherme04/turtle_workspace/install/turtlesim/include/turtlesim/turtlesim/srv/detail/set_pen__functions.h
[2.205s] -- Up-to-date: /home/guilherme04/turtle_workspace/install/turtlesim/include/turtlesim/turtlesim/srv/detail/spawn__functions.h
[2.205s] -- Up-to-date: /home/guilherme04/turtle_workspace/install/turtlesim/include/turtlesim/turtlesim/srv/detail/kill__functions.c
[2.205s] -- Up-to-date: /home/guilherme04/turtle_workspace/install/turtlesim/include/turtlesim/turtlesim/srv/teleport_relative.h
[2.206s] -- Up-to-date: /home/guilherme04/turtle_workspace/install/turtlesim/include/turtlesim/turtlesim/msg
[2.206s] -- Up-to-date: /home/guilherme04/turtle_workspace/install/turtlesim/include/turtlesim/turtlesim/msg/pose.h
[2.206s] -- Up-to-date: /home/guilherme04/turtle_workspace/install/turtlesim/include/turtlesim/turtlesim/msg/color.h
[2.206s] -- Up-to-date: /home/guilherme04/turtle_workspace/install/turtlesim/include/turtlesim/turtlesim/msg/rosidl_generator_c__visibility_control.h
[2.207s] -- Up-to-date: /home/guilherme04/turtle_workspace/install/turtlesim/include/turtlesim/turtlesim/msg/detail
[2.207s] -- Up-to-date: /home/guilherme04/turtle_workspace/install/turtlesim/include/turtlesim/turtlesim/msg/detail/pose__functions.h
[2.207s] -- Up-to-date: /home/guilherme04/turtle_workspace/install/turtlesim/include/turtlesim/turtlesim/msg/detail/pose__struct.h
[2.207s] -- Up-to-date: /home/guilherme04/turtle_workspace/install/turtlesim/include/turtlesim/turtlesim/msg/detail/color__struct.h
[2.207s] -- Up-to-date: /home/guilherme04/turtle_workspace/install/turtlesim/include/turtlesim/turtlesim/msg/detail/pose__functions.c
[2.207s] -- Up-to-date: /home/guilherme04/turtle_workspace/install/turtlesim/include/turtlesim/turtlesim/msg/detail/color__functions.h
[2.207s] -- Up-to-date: /home/guilherme04/turtle_workspace/install/turtlesim/include/turtlesim/turtlesim/msg/detail/color__functions.c
[2.207s] -- Up-to-date: /home/guilherme04/turtle_workspace/install/turtlesim/include/turtlesim/turtlesim/msg/detail/color__type_support.h
[2.207s] -- Up-to-date: /home/guilherme04/turtle_workspace/install/turtlesim/include/turtlesim/turtlesim/msg/detail/pose__type_support.h
[2.208s] -- Up-to-date: /home/guilherme04/turtle_workspace/install/turtlesim/include/turtlesim/turtlesim/action
[2.208s] -- Up-to-date: /home/guilherme04/turtle_workspace/install/turtlesim/include/turtlesim/turtlesim/action/rotate_absolute.h
[2.208s] -- Up-to-date: /home/guilherme04/turtle_workspace/install/turtlesim/include/turtlesim/turtlesim/action/detail
[2.208s] -- Up-to-date: /home/guilherme04/turtle_workspace/install/turtlesim/include/turtlesim/turtlesim/action/detail/rotate_absolute__functions.c
[2.208s] -- Up-to-date: /home/guilherme04/turtle_workspace/install/turtlesim/include/turtlesim/turtlesim/action/detail/rotate_absolute__type_support.h
[2.208s] -- Up-to-date: /home/guilherme04/turtle_workspace/install/turtlesim/include/turtlesim/turtlesim/action/detail/rotate_absolute__functions.h
[2.209s] -- Up-to-date: /home/guilherme04/turtle_workspace/install/turtlesim/include/turtlesim/turtlesim/action/detail/rotate_absolute__struct.h
[2.209s] -- Up-to-date: /home/guilherme04/turtle_workspace/install/turtlesim/share/turtlesim/environment/library_path.sh
[2.209s] -- Up-to-date: /home/guilherme04/turtle_workspace/install/turtlesim/share/turtlesim/environment/library_path.dsv
[2.209s] -- Up-to-date: /home/guilherme04/turtle_workspace/install/turtlesim/lib/libturtlesim__rosidl_generator_c.so
[2.209s] -- Up-to-date: /home/guilherme04/turtle_workspace/install/turtlesim/include/turtlesim/turtlesim
[2.209s] -- Up-to-date: /home/guilherme04/turtle_workspace/install/turtlesim/include/turtlesim/turtlesim/srv
[2.210s] -- Up-to-date: /home/guilherme04/turtle_workspace/install/turtlesim/include/turtlesim/turtlesim/srv/detail
[2.210s] -- Up-to-date: /home/guilherme04/turtle_workspace/install/turtlesim/include/turtlesim/turtlesim/srv/detail/spawn__rosidl_typesupport_fastrtps_c.h
[2.210s] -- Up-to-date: /home/guilherme04/turtle_workspace/install/turtlesim/include/turtlesim/turtlesim/srv/detail/teleport_relative__rosidl_typesupport_fastrtps_c.h
[2.210s] -- Up-to-date: /home/guilherme04/turtle_workspace/install/turtlesim/include/turtlesim/turtlesim/srv/detail/kill__rosidl_typesupport_fastrtps_c.h
[2.210s] -- Up-to-date: /home/guilherme04/turtle_workspace/install/turtlesim/include/turtlesim/turtlesim/srv/detail/teleport_absolute__rosidl_typesupport_fastrtps_c.h
[2.210s] -- Up-to-date: /home/guilherme04/turtle_workspace/install/turtlesim/include/turtlesim/turtlesim/srv/detail/set_pen__rosidl_typesupport_fastrtps_c.h
[2.210s] -- Up-to-date: /home/guilherme04/turtle_workspace/install/turtlesim/include/turtlesim/turtlesim/msg
[2.210s] -- Up-to-date: /home/guilherme04/turtle_workspace/install/turtlesim/include/turtlesim/turtlesim/msg/rosidl_typesupport_fastrtps_c__visibility_control.h
[2.210s] -- Up-to-date: /home/guilherme04/turtle_workspace/install/turtlesim/include/turtlesim/turtlesim/msg/detail
[2.210s] -- Up-to-date: /home/guilherme04/turtle_workspace/install/turtlesim/include/turtlesim/turtlesim/msg/detail/color__rosidl_typesupport_fastrtps_c.h
[2.210s] -- Up-to-date: /home/guilherme04/turtle_workspace/install/turtlesim/include/turtlesim/turtlesim/msg/detail/pose__rosidl_typesupport_fastrtps_c.h
[2.210s] -- Up-to-date: /home/guilherme04/turtle_workspace/install/turtlesim/include/turtlesim/turtlesim/action
[2.211s] -- Up-to-date: /home/guilherme04/turtle_workspace/install/turtlesim/include/turtlesim/turtlesim/action/detail
[2.211s] -- Up-to-date: /home/guilherme04/turtle_workspace/install/turtlesim/include/turtlesim/turtlesim/action/detail/rotate_absolute__rosidl_typesupport_fastrtps_c.h
[2.211s] -- Up-to-date: /home/guilherme04/turtle_workspace/install/turtlesim/lib/libturtlesim__rosidl_typesupport_fastrtps_c.so
[2.211s] -- Up-to-date: /home/guilherme04/turtle_workspace/install/turtlesim/include/turtlesim/turtlesim
[2.212s] -- Up-to-date: /home/guilherme04/turtle_workspace/install/turtlesim/include/turtlesim/turtlesim/srv
[2.212s] -- Up-to-date: /home/guilherme04/turtle_workspace/install/turtlesim/include/turtlesim/turtlesim/srv/teleport_relative.hpp
[2.212s] -- Up-to-date: /home/guilherme04/turtle_workspace/install/turtlesim/include/turtlesim/turtlesim/srv/set_pen.hpp
[2.213s] -- Up-to-date: /home/guilherme04/turtle_workspace/install/turtlesim/include/turtlesim/turtlesim/srv/teleport_absolute.hpp
[2.213s] -- Up-to-date: /home/guilherme04/turtle_workspace/install/turtlesim/include/turtlesim/turtlesim/srv/spawn.hpp
[2.214s] -- Up-to-date: /home/guilherme04/turtle_workspace/install/turtlesim/include/turtlesim/turtlesim/srv/kill.hpp
[2.214s] -- Up-to-date: /home/guilherme04/turtle_workspace/install/turtlesim/include/turtlesim/turtlesim/srv/detail
[2.214s] -- Up-to-date: /home/guilherme04/turtle_workspace/install/turtlesim/include/turtlesim/turtlesim/srv/detail/spawn__traits.hpp
[2.214s] -- Up-to-date: /home/guilherme04/turtle_workspace/install/turtlesim/include/turtlesim/turtlesim/srv/detail/spawn__builder.hpp
[2.214s] -- Up-to-date: /home/guilherme04/turtle_workspace/install/turtlesim/include/turtlesim/turtlesim/srv/detail/teleport_relative__struct.hpp
[2.214s] -- Up-to-date: /home/guilherme04/turtle_workspace/install/turtlesim/include/turtlesim/turtlesim/srv/detail/kill__struct.hpp
[2.215s] -- Up-to-date: /home/guilherme04/turtle_workspace/install/turtlesim/include/turtlesim/turtlesim/srv/detail/teleport_absolute__builder.hpp
[2.215s] -- Up-to-date: /home/guilherme04/turtle_workspace/install/turtlesim/include/turtlesim/turtlesim/srv/detail/teleport_absolute__traits.hpp
[2.215s] -- Up-to-date: /home/guilherme04/turtle_workspace/install/turtlesim/include/turtlesim/turtlesim/srv/detail/set_pen__struct.hpp
[2.216s] -- Up-to-date: /home/guilherme04/turtle_workspace/install/turtlesim/include/turtlesim/turtlesim/srv/detail/kill__traits.hpp
[2.216s] -- Up-to-date: /home/guilherme04/turtle_workspace/install/turtlesim/include/turtlesim/turtlesim/srv/detail/kill__builder.hpp
[2.216s] -- Up-to-date: /home/guilherme04/turtle_workspace/install/turtlesim/include/turtlesim/turtlesim/srv/detail/spawn__struct.hpp
[2.217s] -- Up-to-date: /home/guilherme04/turtle_workspace/install/turtlesim/include/turtlesim/turtlesim/srv/detail/set_pen__traits.hpp
[2.217s] -- Up-to-date: /home/guilherme04/turtle_workspace/install/turtlesim/include/turtlesim/turtlesim/srv/detail/teleport_relative__traits.hpp
[2.217s] -- Up-to-date: /home/guilherme04/turtle_workspace/install/turtlesim/include/turtlesim/turtlesim/srv/detail/teleport_relative__builder.hpp
[2.217s] -- Up-to-date: /home/guilherme04/turtle_workspace/install/turtlesim/include/turtlesim/turtlesim/srv/detail/teleport_absolute__struct.hpp
[2.217s] -- Up-to-date: /home/guilherme04/turtle_workspace/install/turtlesim/include/turtlesim/turtlesim/srv/detail/set_pen__builder.hpp
[2.217s] -- Up-to-date: /home/guilherme04/turtle_workspace/install/turtlesim/include/turtlesim/turtlesim/msg
[2.217s] -- Up-to-date: /home/guilherme04/turtle_workspace/install/turtlesim/include/turtlesim/turtlesim/msg/pose.hpp
[2.217s] -- Up-to-date: /home/guilherme04/turtle_workspace/install/turtlesim/include/turtlesim/turtlesim/msg/detail
[2.218s] -- Up-to-date: /home/guilherme04/turtle_workspace/install/turtlesim/include/turtlesim/turtlesim/msg/detail/pose__traits.hpp
[2.218s] -- Up-to-date: /home/guilherme04/turtle_workspace/install/turtlesim/include/turtlesim/turtlesim/msg/detail/pose__builder.hpp
[2.218s] -- Up-to-date: /home/guilherme04/turtle_workspace/install/turtlesim/include/turtlesim/turtlesim/msg/detail/color__struct.hpp
[2.218s] -- Up-to-date: /home/guilherme04/turtle_workspace/install/turtlesim/include/turtlesim/turtlesim/msg/detail/color__traits.hpp
[2.218s] -- Up-to-date: /home/guilherme04/turtle_workspace/install/turtlesim/include/turtlesim/turtlesim/msg/detail/pose__struct.hpp
[2.218s] -- Up-to-date: /home/guilherme04/turtle_workspace/install/turtlesim/include/turtlesim/turtlesim/msg/detail/color__builder.hpp
[2.218s] -- Up-to-date: /home/guilherme04/turtle_workspace/install/turtlesim/include/turtlesim/turtlesim/msg/color.hpp
[2.218s] -- Up-to-date: /home/guilherme04/turtle_workspace/install/turtlesim/include/turtlesim/turtlesim/action
[2.218s] -- Up-to-date: /home/guilherme04/turtle_workspace/install/turtlesim/include/turtlesim/turtlesim/action/rotate_absolute.hpp
[2.219s] -- Up-to-date: /home/guilherme04/turtle_workspace/install/turtlesim/include/turtlesim/turtlesim/action/detail
[2.219s] -- Up-to-date: /home/guilherme04/turtle_workspace/install/turtlesim/include/turtlesim/turtlesim/action/detail/rotate_absolute__traits.hpp
[2.219s] -- Up-to-date: /home/guilherme04/turtle_workspace/install/turtlesim/include/turtlesim/turtlesim/action/detail/rotate_absolute__struct.hpp
[2.219s] -- Up-to-date: /home/guilherme04/turtle_workspace/install/turtlesim/include/turtlesim/turtlesim/action/detail/rotate_absolute__builder.hpp
[2.220s] -- Up-to-date: /home/guilherme04/turtle_workspace/install/turtlesim/include/turtlesim/turtlesim
[2.220s] -- Up-to-date: /home/guilherme04/turtle_workspace/install/turtlesim/include/turtlesim/turtlesim/srv
[2.221s] -- Up-to-date: /home/guilherme04/turtle_workspace/install/turtlesim/include/turtlesim/turtlesim/srv/detail
[2.221s] -- Up-to-date: /home/guilherme04/turtle_workspace/install/turtlesim/include/turtlesim/turtlesim/srv/detail/spawn__rosidl_typesupport_fastrtps_cpp.hpp
[2.222s] -- Up-to-date: /home/guilherme04/turtle_workspace/install/turtlesim/include/turtlesim/turtlesim/srv/detail/teleport_relative__rosidl_typesupport_fastrtps_cpp.hpp
[2.222s] -- Up-to-date: /home/guilherme04/turtle_workspace/install/turtlesim/include/turtlesim/turtlesim/srv/detail/teleport_absolute__rosidl_typesupport_fastrtps_cpp.hpp
[2.222s] -- Up-to-date: /home/guilherme04/turtle_workspace/install/turtlesim/include/turtlesim/turtlesim/srv/detail/dds_fastrtps
[2.223s] -- Up-to-date: /home/guilherme04/turtle_workspace/install/turtlesim/include/turtlesim/turtlesim/srv/detail/set_pen__rosidl_typesupport_fastrtps_cpp.hpp
[2.223s] -- Up-to-date: /home/guilherme04/turtle_workspace/install/turtlesim/include/turtlesim/turtlesim/srv/detail/kill__rosidl_typesupport_fastrtps_cpp.hpp
[2.223s] -- Up-to-date: /home/guilherme04/turtle_workspace/install/turtlesim/include/turtlesim/turtlesim/msg
[2.223s] -- Up-to-date: /home/guilherme04/turtle_workspace/install/turtlesim/include/turtlesim/turtlesim/msg/rosidl_typesupport_fastrtps_cpp__visibility_control.h
[2.224s] -- Up-to-date: /home/guilherme04/turtle_workspace/install/turtlesim/include/turtlesim/turtlesim/msg/detail
[2.224s] -- Up-to-date: /home/guilherme04/turtle_workspace/install/turtlesim/include/turtlesim/turtlesim/msg/detail/pose__rosidl_typesupport_fastrtps_cpp.hpp
[2.225s] -- Up-to-date: /home/guilherme04/turtle_workspace/install/turtlesim/include/turtlesim/turtlesim/msg/detail/dds_fastrtps
[2.225s] -- Up-to-date: /home/guilherme04/turtle_workspace/install/turtlesim/include/turtlesim/turtlesim/msg/detail/color__rosidl_typesupport_fastrtps_cpp.hpp
[2.225s] -- Up-to-date: /home/guilherme04/turtle_workspace/install/turtlesim/include/turtlesim/turtlesim/action
[2.225s] -- Up-to-date: /home/guilherme04/turtle_workspace/install/turtlesim/include/turtlesim/turtlesim/action/detail
[2.225s] -- Up-to-date: /home/guilherme04/turtle_workspace/install/turtlesim/include/turtlesim/turtlesim/action/detail/rotate_absolute__rosidl_typesupport_fastrtps_cpp.hpp
[2.225s] -- Up-to-date: /home/guilherme04/turtle_workspace/install/turtlesim/include/turtlesim/turtlesim/action/detail/dds_fastrtps
[2.225s] -- Up-to-date: /home/guilherme04/turtle_workspace/install/turtlesim/lib/libturtlesim__rosidl_typesupport_fastrtps_cpp.so
[2.225s] -- Up-to-date: /home/guilherme04/turtle_workspace/install/turtlesim/include/turtlesim/turtlesim
[2.225s] -- Up-to-date: /home/guilherme04/turtle_workspace/install/turtlesim/include/turtlesim/turtlesim/srv
[2.225s] -- Up-to-date: /home/guilherme04/turtle_workspace/install/turtlesim/include/turtlesim/turtlesim/srv/detail
[2.225s] -- Up-to-date: /home/guilherme04/turtle_workspace/install/turtlesim/include/turtlesim/turtlesim/srv/detail/set_pen__type_support.c
[2.226s] -- Up-to-date: /home/guilherme04/turtle_workspace/install/turtlesim/include/turtlesim/turtlesim/srv/detail/kill__rosidl_typesupport_introspection_c.h
[2.226s] -- Up-to-date: /home/guilherme04/turtle_workspace/install/turtlesim/include/turtlesim/turtlesim/srv/detail/teleport_absolute__rosidl_typesupport_introspection_c.h
[2.226s] -- Up-to-date: /home/guilherme04/turtle_workspace/install/turtlesim/include/turtlesim/turtlesim/srv/detail/spawn__type_support.c
[2.226s] -- Up-to-date: /home/guilherme04/turtle_workspace/install/turtlesim/include/turtlesim/turtlesim/srv/detail/set_pen__rosidl_typesupport_introspection_c.h
[2.226s] -- Up-to-date: /home/guilherme04/turtle_workspace/install/turtlesim/include/turtlesim/turtlesim/srv/detail/teleport_absolute__type_support.c
[2.226s] -- Up-to-date: /home/guilherme04/turtle_workspace/install/turtlesim/include/turtlesim/turtlesim/srv/detail/teleport_relative__type_support.c
[2.226s] -- Up-to-date: /home/guilherme04/turtle_workspace/install/turtlesim/include/turtlesim/turtlesim/srv/detail/spawn__rosidl_typesupport_introspection_c.h
[2.226s] -- Up-to-date: /home/guilherme04/turtle_workspace/install/turtlesim/include/turtlesim/turtlesim/srv/detail/teleport_relative__rosidl_typesupport_introspection_c.h
[2.226s] -- Up-to-date: /home/guilherme04/turtle_workspace/install/turtlesim/include/turtlesim/turtlesim/srv/detail/kill__type_support.c
[2.226s] -- Up-to-date: /home/guilherme04/turtle_workspace/install/turtlesim/include/turtlesim/turtlesim/msg
[2.227s] -- Up-to-date: /home/guilherme04/turtle_workspace/install/turtlesim/include/turtlesim/turtlesim/msg/rosidl_typesupport_introspection_c__visibility_control.h
[2.227s] -- Up-to-date: /home/guilherme04/turtle_workspace/install/turtlesim/include/turtlesim/turtlesim/msg/detail
[2.227s] -- Up-to-date: /home/guilherme04/turtle_workspace/install/turtlesim/include/turtlesim/turtlesim/msg/detail/color__type_support.c
[2.227s] -- Up-to-date: /home/guilherme04/turtle_workspace/install/turtlesim/include/turtlesim/turtlesim/msg/detail/pose__rosidl_typesupport_introspection_c.h
[2.227s] -- Up-to-date: /home/guilherme04/turtle_workspace/install/turtlesim/include/turtlesim/turtlesim/msg/detail/color__rosidl_typesupport_introspection_c.h
[2.227s] -- Up-to-date: /home/guilherme04/turtle_workspace/install/turtlesim/include/turtlesim/turtlesim/msg/detail/pose__type_support.c
[2.227s] -- Up-to-date: /home/guilherme04/turtle_workspace/install/turtlesim/include/turtlesim/turtlesim/action
[2.228s] -- Up-to-date: /home/guilherme04/turtle_workspace/install/turtlesim/include/turtlesim/turtlesim/action/detail
[2.228s] -- Up-to-date: /home/guilherme04/turtle_workspace/install/turtlesim/include/turtlesim/turtlesim/action/detail/rotate_absolute__type_support.c
[2.228s] -- Up-to-date: /home/guilherme04/turtle_workspace/install/turtlesim/include/turtlesim/turtlesim/action/detail/rotate_absolute__rosidl_typesupport_introspection_c.h
[2.228s] -- Up-to-date: /home/guilherme04/turtle_workspace/install/turtlesim/lib/libturtlesim__rosidl_typesupport_introspection_c.so
[2.229s] -- Up-to-date: /home/guilherme04/turtle_workspace/install/turtlesim/lib/libturtlesim__rosidl_typesupport_c.so
[2.229s] -- Up-to-date: /home/guilherme04/turtle_workspace/install/turtlesim/include/turtlesim/turtlesim
[2.229s] -- Up-to-date: /home/guilherme04/turtle_workspace/install/turtlesim/include/turtlesim/turtlesim/srv
[2.229s] -- Up-to-date: /home/guilherme04/turtle_workspace/install/turtlesim/include/turtlesim/turtlesim/srv/detail
[2.229s] -- Up-to-date: /home/guilherme04/turtle_workspace/install/turtlesim/include/turtlesim/turtlesim/srv/detail/kill__type_support.cpp
[2.229s] -- Up-to-date: /home/guilherme04/turtle_workspace/install/turtlesim/include/turtlesim/turtlesim/srv/detail/set_pen__type_support.cpp
[2.229s] -- Up-to-date: /home/guilherme04/turtle_workspace/install/turtlesim/include/turtlesim/turtlesim/srv/detail/spawn__type_support.cpp
[2.229s] -- Up-to-date: /home/guilherme04/turtle_workspace/install/turtlesim/include/turtlesim/turtlesim/srv/detail/teleport_relative__type_support.cpp
[2.229s] -- Up-to-date: /home/guilherme04/turtle_workspace/install/turtlesim/include/turtlesim/turtlesim/srv/detail/teleport_absolute__type_support.cpp
[2.229s] -- Up-to-date: /home/guilherme04/turtle_workspace/install/turtlesim/include/turtlesim/turtlesim/srv/detail/teleport_absolute__rosidl_typesupport_introspection_cpp.hpp
[2.230s] -- Up-to-date: /home/guilherme04/turtle_workspace/install/turtlesim/include/turtlesim/turtlesim/srv/detail/set_pen__rosidl_typesupport_introspection_cpp.hpp
[2.230s] -- Up-to-date: /home/guilherme04/turtle_workspace/install/turtlesim/include/turtlesim/turtlesim/srv/detail/kill__rosidl_typesupport_introspection_cpp.hpp
[2.230s] -- Up-to-date: /home/guilherme04/turtle_workspace/install/turtlesim/include/turtlesim/turtlesim/srv/detail/spawn__rosidl_typesupport_introspection_cpp.hpp
[2.230s] -- Up-to-date: /home/guilherme04/turtle_workspace/install/turtlesim/include/turtlesim/turtlesim/srv/detail/teleport_relative__rosidl_typesupport_introspection_cpp.hpp
[2.230s] -- Up-to-date: /home/guilherme04/turtle_workspace/install/turtlesim/include/turtlesim/turtlesim/msg
[2.230s] -- Up-to-date: /home/guilherme04/turtle_workspace/install/turtlesim/include/turtlesim/turtlesim/msg/detail
[2.230s] -- Up-to-date: /home/guilherme04/turtle_workspace/install/turtlesim/include/turtlesim/turtlesim/msg/detail/color__rosidl_typesupport_introspection_cpp.hpp
[2.230s] -- Up-to-date: /home/guilherme04/turtle_workspace/install/turtlesim/include/turtlesim/turtlesim/msg/detail/pose__rosidl_typesupport_introspection_cpp.hpp
[2.230s] -- Up-to-date: /home/guilherme04/turtle_workspace/install/turtlesim/include/turtlesim/turtlesim/msg/detail/color__type_support.cpp
[2.231s] -- Up-to-date: /home/guilherme04/turtle_workspace/install/turtlesim/include/turtlesim/turtlesim/msg/detail/pose__type_support.cpp
[2.231s] -- Up-to-date: /home/guilherme04/turtle_workspace/install/turtlesim/include/turtlesim/turtlesim/action
[2.231s] -- Up-to-date: /home/guilherme04/turtle_workspace/install/turtlesim/include/turtlesim/turtlesim/action/detail
[2.231s] -- Up-to-date: /home/guilherme04/turtle_workspace/install/turtlesim/include/turtlesim/turtlesim/action/detail/rotate_absolute__rosidl_typesupport_introspection_cpp.hpp
[2.231s] -- Up-to-date: /home/guilherme04/turtle_workspace/install/turtlesim/include/turtlesim/turtlesim/action/detail/rotate_absolute__type_support.cpp
[2.232s] -- Up-to-date: /home/guilherme04/turtle_workspace/install/turtlesim/lib/libturtlesim__rosidl_typesupport_introspection_cpp.so
[2.235s] -- Up-to-date: /home/guilherme04/turtle_workspace/install/turtlesim/lib/libturtlesim__rosidl_typesupport_cpp.so
[2.236s] -- Up-to-date: /home/guilherme04/turtle_workspace/install/turtlesim/share/turtlesim/environment/pythonpath.sh
[2.236s] -- Up-to-date: /home/guilherme04/turtle_workspace/install/turtlesim/share/turtlesim/environment/pythonpath.dsv
[2.236s] -- Up-to-date: /home/guilherme04/turtle_workspace/install/turtlesim/local/lib/python3.10/dist-packages/turtlesim-1.4.2-py3.10.egg-info
[2.236s] -- Installing: /home/guilherme04/turtle_workspace/install/turtlesim/local/lib/python3.10/dist-packages/turtlesim-1.4.2-py3.10.egg-info/top_level.txt
[2.237s] -- Installing: /home/guilherme04/turtle_workspace/install/turtlesim/local/lib/python3.10/dist-packages/turtlesim-1.4.2-py3.10.egg-info/dependency_links.txt
[2.237s] -- Installing: /home/guilherme04/turtle_workspace/install/turtlesim/local/lib/python3.10/dist-packages/turtlesim-1.4.2-py3.10.egg-info/SOURCES.txt
[2.237s] -- Installing: /home/guilherme04/turtle_workspace/install/turtlesim/local/lib/python3.10/dist-packages/turtlesim-1.4.2-py3.10.egg-info/PKG-INFO
[2.238s] -- Up-to-date: /home/guilherme04/turtle_workspace/install/turtlesim/local/lib/python3.10/dist-packages/turtlesim
[2.238s] -- Up-to-date: /home/guilherme04/turtle_workspace/install/turtlesim/local/lib/python3.10/dist-packages/turtlesim/srv
[2.239s] -- Up-to-date: /home/guilherme04/turtle_workspace/install/turtlesim/local/lib/python3.10/dist-packages/turtlesim/srv/_spawn.py
[2.239s] -- Up-to-date: /home/guilherme04/turtle_workspace/install/turtlesim/local/lib/python3.10/dist-packages/turtlesim/srv/_spawn_s.c
[2.240s] -- Up-to-date: /home/guilherme04/turtle_workspace/install/turtlesim/local/lib/python3.10/dist-packages/turtlesim/srv/_teleport_absolute_s.c
[2.240s] -- Up-to-date: /home/guilherme04/turtle_workspace/install/turtlesim/local/lib/python3.10/dist-packages/turtlesim/srv/_set_pen_s.c
[2.240s] -- Up-to-date: /home/guilherme04/turtle_workspace/install/turtlesim/local/lib/python3.10/dist-packages/turtlesim/srv/_teleport_relative.py
[2.241s] -- Up-to-date: /home/guilherme04/turtle_workspace/install/turtlesim/local/lib/python3.10/dist-packages/turtlesim/srv/_teleport_relative_s.c
[2.241s] -- Up-to-date: /home/guilherme04/turtle_workspace/install/turtlesim/local/lib/python3.10/dist-packages/turtlesim/srv/_kill_s.c
[2.242s] -- Up-to-date: /home/guilherme04/turtle_workspace/install/turtlesim/local/lib/python3.10/dist-packages/turtlesim/srv/_kill.py
[2.242s] -- Up-to-date: /home/guilherme04/turtle_workspace/install/turtlesim/local/lib/python3.10/dist-packages/turtlesim/srv/_set_pen.py
[2.242s] -- Up-to-date: /home/guilherme04/turtle_workspace/install/turtlesim/local/lib/python3.10/dist-packages/turtlesim/srv/_teleport_absolute.py
[2.242s] -- Up-to-date: /home/guilherme04/turtle_workspace/install/turtlesim/local/lib/python3.10/dist-packages/turtlesim/srv/__init__.py
[2.242s] -- Up-to-date: /home/guilherme04/turtle_workspace/install/turtlesim/local/lib/python3.10/dist-packages/turtlesim/turtlesim_s__rosidl_typesupport_introspection_c.cpython-310-x86_64-linux-gnu.so
[2.242s] -- Up-to-date: /home/guilherme04/turtle_workspace/install/turtlesim/local/lib/python3.10/dist-packages/turtlesim/_turtlesim_s.ep.rosidl_typesupport_c.c
[2.242s] -- Up-to-date: /home/guilherme04/turtle_workspace/install/turtlesim/local/lib/python3.10/dist-packages/turtlesim/_turtlesim_s.ep.rosidl_typesupport_introspection_c.c
[2.242s] -- Up-to-date: /home/guilherme04/turtle_workspace/install/turtlesim/local/lib/python3.10/dist-packages/turtlesim/_turtlesim_s.ep.rosidl_typesupport_fastrtps_c.c
[2.242s] -- Up-to-date: /home/guilherme04/turtle_workspace/install/turtlesim/local/lib/python3.10/dist-packages/turtlesim/libturtlesim__rosidl_generator_py.so
[2.242s] -- Up-to-date: /home/guilherme04/turtle_workspace/install/turtlesim/local/lib/python3.10/dist-packages/turtlesim/msg
[2.242s] -- Up-to-date: /home/guilherme04/turtle_workspace/install/turtlesim/local/lib/python3.10/dist-packages/turtlesim/msg/_pose_s.c
[2.243s] -- Up-to-date: /home/guilherme04/turtle_workspace/install/turtlesim/local/lib/python3.10/dist-packages/turtlesim/msg/_color.py
[2.243s] -- Up-to-date: /home/guilherme04/turtle_workspace/install/turtlesim/local/lib/python3.10/dist-packages/turtlesim/msg/_pose.py
[2.243s] -- Up-to-date: /home/guilherme04/turtle_workspace/install/turtlesim/local/lib/python3.10/dist-packages/turtlesim/msg/_color_s.c
[2.243s] -- Up-to-date: /home/guilherme04/turtle_workspace/install/turtlesim/local/lib/python3.10/dist-packages/turtlesim/msg/__init__.py
[2.243s] -- Up-to-date: /home/guilherme04/turtle_workspace/install/turtlesim/local/lib/python3.10/dist-packages/turtlesim/turtlesim_s__rosidl_typesupport_fastrtps_c.cpython-310-x86_64-linux-gnu.so
[2.243s] -- Up-to-date: /home/guilherme04/turtle_workspace/install/turtlesim/local/lib/python3.10/dist-packages/turtlesim/turtlesim_s__rosidl_typesupport_c.cpython-310-x86_64-linux-gnu.so
[2.244s] -- Up-to-date: /home/guilherme04/turtle_workspace/install/turtlesim/local/lib/python3.10/dist-packages/turtlesim/__init__.py
[2.244s] -- Up-to-date: /home/guilherme04/turtle_workspace/install/turtlesim/local/lib/python3.10/dist-packages/turtlesim/action
[2.244s] -- Up-to-date: /home/guilherme04/turtle_workspace/install/turtlesim/local/lib/python3.10/dist-packages/turtlesim/action/_rotate_absolute.py
[2.244s] -- Up-to-date: /home/guilherme04/turtle_workspace/install/turtlesim/local/lib/python3.10/dist-packages/turtlesim/action/_rotate_absolute_s.c
[2.244s] -- Up-to-date: /home/guilherme04/turtle_workspace/install/turtlesim/local/lib/python3.10/dist-packages/turtlesim/action/__init__.py
[2.298s] Listing '/home/guilherme04/turtle_workspace/install/turtlesim/local/lib/python3.10/dist-packages/turtlesim'...
[2.298s] Listing '/home/guilherme04/turtle_workspace/install/turtlesim/local/lib/python3.10/dist-packages/turtlesim/action'...
[2.298s] Listing '/home/guilherme04/turtle_workspace/install/turtlesim/local/lib/python3.10/dist-packages/turtlesim/msg'...
[2.298s] Listing '/home/guilherme04/turtle_workspace/install/turtlesim/local/lib/python3.10/dist-packages/turtlesim/srv'...
[2.310s] -- Up-to-date: /home/guilherme04/turtle_workspace/install/turtlesim/local/lib/python3.10/dist-packages/turtlesim/turtlesim_s__rosidl_typesupport_fastrtps_c.cpython-310-x86_64-linux-gnu.so
[2.311s] -- Up-to-date: /home/guilherme04/turtle_workspace/install/turtlesim/local/lib/python3.10/dist-packages/turtlesim/turtlesim_s__rosidl_typesupport_introspection_c.cpython-310-x86_64-linux-gnu.so
[2.313s] -- Up-to-date: /home/guilherme04/turtle_workspace/install/turtlesim/local/lib/python3.10/dist-packages/turtlesim/turtlesim_s__rosidl_typesupport_c.cpython-310-x86_64-linux-gnu.so
[2.315s] -- Up-to-date: /home/guilherme04/turtle_workspace/install/turtlesim/lib/libturtlesim__rosidl_generator_py.so
[2.316s] -- Up-to-date: /home/guilherme04/turtle_workspace/install/turtlesim/share/turtlesim/action/RotateAbsolute.idl
[2.317s] -- Up-to-date: /home/guilherme04/turtle_workspace/install/turtlesim/share/turtlesim/msg/Color.idl
[2.317s] -- Up-to-date: /home/guilherme04/turtle_workspace/install/turtlesim/share/turtlesim/msg/Pose.idl
[2.317s] -- Up-to-date: /home/guilherme04/turtle_workspace/install/turtlesim/share/turtlesim/srv/Kill.idl
[2.318s] -- Up-to-date: /home/guilherme04/turtle_workspace/install/turtlesim/share/turtlesim/srv/SetPen.idl
[2.319s] -- Up-to-date: /home/guilherme04/turtle_workspace/install/turtlesim/share/turtlesim/srv/Spawn.idl
[2.320s] -- Up-to-date: /home/guilherme04/turtle_workspace/install/turtlesim/share/turtlesim/srv/TeleportAbsolute.idl
[2.320s] -- Up-to-date: /home/guilherme04/turtle_workspace/install/turtlesim/share/turtlesim/srv/TeleportRelative.idl
[2.321s] -- Up-to-date: /home/guilherme04/turtle_workspace/install/turtlesim/share/turtlesim/action/RotateAbsolute.action
[2.321s] -- Up-to-date: /home/guilherme04/turtle_workspace/install/turtlesim/share/turtlesim/msg/Color.msg
[2.322s] -- Up-to-date: /home/guilherme04/turtle_workspace/install/turtlesim/share/turtlesim/msg/Pose.msg
[2.322s] -- Up-to-date: /home/guilherme04/turtle_workspace/install/turtlesim/share/turtlesim/srv/Kill.srv
[2.322s] -- Up-to-date: /home/guilherme04/turtle_workspace/install/turtlesim/share/turtlesim/srv/Kill_Request.msg
[2.322s] -- Up-to-date: /home/guilherme04/turtle_workspace/install/turtlesim/share/turtlesim/srv/Kill_Response.msg
[2.322s] -- Up-to-date: /home/guilherme04/turtle_workspace/install/turtlesim/share/turtlesim/srv/SetPen.srv
[2.322s] -- Up-to-date: /home/guilherme04/turtle_workspace/install/turtlesim/share/turtlesim/srv/SetPen_Request.msg
[2.322s] -- Up-to-date: /home/guilherme04/turtle_workspace/install/turtlesim/share/turtlesim/srv/SetPen_Response.msg
[2.323s] -- Up-to-date: /home/guilherme04/turtle_workspace/install/turtlesim/share/turtlesim/srv/Spawn.srv
[2.323s] -- Up-to-date: /home/guilherme04/turtle_workspace/install/turtlesim/share/turtlesim/srv/Spawn_Request.msg
[2.323s] -- Up-to-date: /home/guilherme04/turtle_workspace/install/turtlesim/share/turtlesim/srv/Spawn_Response.msg
[2.324s] -- Up-to-date: /home/guilherme04/turtle_workspace/install/turtlesim/share/turtlesim/srv/TeleportAbsolute.srv
[2.324s] -- Up-to-date: /home/guilherme04/turtle_workspace/install/turtlesim/share/turtlesim/srv/TeleportAbsolute_Request.msg
[2.324s] -- Up-to-date: /home/guilherme04/turtle_workspace/install/turtlesim/share/turtlesim/srv/TeleportAbsolute_Response.msg
[2.325s] -- Up-to-date: /home/guilherme04/turtle_workspace/install/turtlesim/share/turtlesim/srv/TeleportRelative.srv
[2.325s] -- Up-to-date: /home/guilherme04/turtle_workspace/install/turtlesim/share/turtlesim/srv/TeleportRelative_Request.msg
[2.325s] -- Up-to-date: /home/guilherme04/turtle_workspace/install/turtlesim/share/turtlesim/srv/TeleportRelative_Response.msg
[2.326s] -- Up-to-date: /home/guilherme04/turtle_workspace/install/turtlesim/lib/turtlesim/turtlesim_node
[2.327s] -- Up-to-date: /home/guilherme04/turtle_workspace/install/turtlesim/lib/turtlesim/turtle_teleop_key
[2.330s] -- Up-to-date: /home/guilherme04/turtle_workspace/install/turtlesim/lib/turtlesim/draw_square
[2.334s] -- Up-to-date: /home/guilherme04/turtle_workspace/install/turtlesim/lib/turtlesim/mimic
[2.336s] -- Up-to-date: /home/guilherme04/turtle_workspace/install/turtlesim/share/turtlesim/images
[2.336s] -- Up-to-date: /home/guilherme04/turtle_workspace/install/turtlesim/share/turtlesim/images/humble.png
[2.337s] -- Up-to-date: /home/guilherme04/turtle_workspace/install/turtlesim/share/turtlesim/images/bouncy.png
[2.337s] -- Up-to-date: /home/guilherme04/turtle_workspace/install/turtlesim/share/turtlesim/images/dashing.png
[2.337s] -- Up-to-date: /home/guilherme04/turtle_workspace/install/turtlesim/share/turtlesim/images/ardent.png
[2.337s] -- Up-to-date: /home/guilherme04/turtle_workspace/install/turtlesim/share/turtlesim/images/foxy.png
[2.338s] -- Up-to-date: /home/guilherme04/turtle_workspace/install/turtlesim/share/turtlesim/images/rolling.png
[2.338s] -- Up-to-date: /home/guilherme04/turtle_workspace/install/turtlesim/share/turtlesim/images/crystal.png
[2.338s] -- Up-to-date: /home/guilherme04/turtle_workspace/install/turtlesim/share/turtlesim/images/eloquent.png
[2.338s] -- Up-to-date: /home/guilherme04/turtle_workspace/install/turtlesim/share/turtlesim/images/galactic.png
[2.338s] -- Up-to-date: /home/guilherme04/turtle_workspace/install/turtlesim/share/turtlesim/launch
[2.338s] -- Up-to-date: /home/guilherme04/turtle_workspace/install/turtlesim/share/turtlesim/launch/multisim.launch.py
[2.339s] -- Up-to-date: /home/guilherme04/turtle_workspace/install/turtlesim/share/ament_index/resource_index/package_run_dependencies/turtlesim
[2.340s] -- Up-to-date: /home/guilherme04/turtle_workspace/install/turtlesim/share/ament_index/resource_index/parent_prefix_path/turtlesim
[2.340s] -- Up-to-date: /home/guilherme04/turtle_workspace/install/turtlesim/share/turtlesim/environment/ament_prefix_path.sh
[2.340s] -- Up-to-date: /home/guilherme04/turtle_workspace/install/turtlesim/share/turtlesim/environment/ament_prefix_path.dsv
[2.340s] -- Up-to-date: /home/guilherme04/turtle_workspace/install/turtlesim/share/turtlesim/environment/path.sh
[2.340s] -- Up-to-date: /home/guilherme04/turtle_workspace/install/turtlesim/share/turtlesim/environment/path.dsv
[2.340s] -- Up-to-date: /home/guilherme04/turtle_workspace/install/turtlesim/share/turtlesim/local_setup.bash
[2.341s] -- Up-to-date: /home/guilherme04/turtle_workspace/install/turtlesim/share/turtlesim/local_setup.sh
[2.341s] -- Up-to-date: /home/guilherme04/turtle_workspace/install/turtlesim/share/turtlesim/local_setup.zsh
[2.341s] -- Up-to-date: /home/guilherme04/turtle_workspace/install/turtlesim/share/turtlesim/local_setup.dsv
[2.341s] -- Installing: /home/guilherme04/turtle_workspace/install/turtlesim/share/turtlesim/package.dsv
[2.342s] -- Up-to-date: /home/guilherme04/turtle_workspace/install/turtlesim/share/ament_index/resource_index/packages/turtlesim
[2.343s] -- Up-to-date: /home/guilherme04/turtle_workspace/install/turtlesim/share/turtlesim/cmake/export_turtlesim__rosidl_generator_cExport.cmake
[2.343s] -- Up-to-date: /home/guilherme04/turtle_workspace/install/turtlesim/share/turtlesim/cmake/export_turtlesim__rosidl_generator_cExport-noconfig.cmake
[2.346s] -- Up-to-date: /home/guilherme04/turtle_workspace/install/turtlesim/share/turtlesim/cmake/export_turtlesim__rosidl_typesupport_fastrtps_cExport.cmake
[2.346s] -- Up-to-date: /home/guilherme04/turtle_workspace/install/turtlesim/share/turtlesim/cmake/export_turtlesim__rosidl_typesupport_fastrtps_cExport-noconfig.cmake
[2.347s] -- Up-to-date: /home/guilherme04/turtle_workspace/install/turtlesim/share/turtlesim/cmake/export_turtlesim__rosidl_generator_cppExport.cmake
[2.348s] -- Up-to-date: /home/guilherme04/turtle_workspace/install/turtlesim/share/turtlesim/cmake/export_turtlesim__rosidl_typesupport_fastrtps_cppExport.cmake
[2.348s] -- Up-to-date: /home/guilherme04/turtle_workspace/install/turtlesim/share/turtlesim/cmake/export_turtlesim__rosidl_typesupport_fastrtps_cppExport-noconfig.cmake
[2.349s] -- Up-to-date: /home/guilherme04/turtle_workspace/install/turtlesim/share/turtlesim/cmake/turtlesim__rosidl_typesupport_introspection_cExport.cmake
[2.349s] -- Up-to-date: /home/guilherme04/turtle_workspace/install/turtlesim/share/turtlesim/cmake/turtlesim__rosidl_typesupport_introspection_cExport-noconfig.cmake
[2.351s] -- Up-to-date: /home/guilherme04/turtle_workspace/install/turtlesim/share/turtlesim/cmake/turtlesim__rosidl_typesupport_cExport.cmake
[2.352s] -- Up-to-date: /home/guilherme04/turtle_workspace/install/turtlesim/share/turtlesim/cmake/turtlesim__rosidl_typesupport_cExport-noconfig.cmake
[2.355s] -- Up-to-date: /home/guilherme04/turtle_workspace/install/turtlesim/share/turtlesim/cmake/turtlesim__rosidl_typesupport_introspection_cppExport.cmake
[2.355s] -- Up-to-date: /home/guilherme04/turtle_workspace/install/turtlesim/share/turtlesim/cmake/turtlesim__rosidl_typesupport_introspection_cppExport-noconfig.cmake
[2.357s] -- Up-to-date: /home/guilherme04/turtle_workspace/install/turtlesim/share/turtlesim/cmake/turtlesim__rosidl_typesupport_cppExport.cmake
[2.357s] -- Up-to-date: /home/guilherme04/turtle_workspace/install/turtlesim/share/turtlesim/cmake/turtlesim__rosidl_typesupport_cppExport-noconfig.cmake
[2.359s] -- Up-to-date: /home/guilherme04/turtle_workspace/install/turtlesim/share/turtlesim/cmake/export_turtlesim__rosidl_generator_pyExport.cmake
[2.360s] -- Up-to-date: /home/guilherme04/turtle_workspace/install/turtlesim/share/turtlesim/cmake/export_turtlesim__rosidl_generator_pyExport-noconfig.cmake
[2.360s] -- Up-to-date: /home/guilherme04/turtle_workspace/install/turtlesim/share/turtlesim/cmake/rosidl_cmake-extras.cmake
[2.360s] -- Up-to-date: /home/guilherme04/turtle_workspace/install/turtlesim/share/turtlesim/cmake/ament_cmake_export_dependencies-extras.cmake
[2.360s] -- Up-to-date: /home/guilherme04/turtle_workspace/install/turtlesim/share/turtlesim/cmake/ament_cmake_export_include_directories-extras.cmake
[2.361s] -- Up-to-date: /home/guilherme04/turtle_workspace/install/turtlesim/share/turtlesim/cmake/ament_cmake_export_libraries-extras.cmake
[2.361s] -- Up-to-date: /home/guilherme04/turtle_workspace/install/turtlesim/share/turtlesim/cmake/ament_cmake_export_targets-extras.cmake
[2.361s] -- Up-to-date: /home/guilherme04/turtle_workspace/install/turtlesim/share/turtlesim/cmake/rosidl_cmake_export_typesupport_targets-extras.cmake
[2.361s] -- Up-to-date: /home/guilherme04/turtle_workspace/install/turtlesim/share/turtlesim/cmake/rosidl_cmake_export_typesupport_libraries-extras.cmake
[2.361s] -- Up-to-date: /home/guilherme04/turtle_workspace/install/turtlesim/share/turtlesim/cmake/turtlesimConfig.cmake
[2.361s] -- Up-to-date: /home/guilherme04/turtle_workspace/install/turtlesim/share/turtlesim/cmake/turtlesimConfig-version.cmake
[2.361s] -- Up-to-date: /home/guilherme04/turtle_workspace/install/turtlesim/share/turtlesim/package.xml
[2.366s] Invoked command in '/home/guilherme04/turtle_workspace/build/turtlesim' returned '0': CMAKE_PREFIX_PATH=/opt/ros/humble /usr/bin/cmake --install /home/guilherme04/turtle_workspace/build/turtlesim
