[1.636s] Invoking command in '/home/guilherme04/turtle_workspace/src/turtle_pond': PYTHONPATH=/home/guilherme04/turtle_workspace/build/turtle_pond/prefix_override:/home/guilherme04/turtle_workspace/install/turtle_pond/lib/python3.10/site-packages:${PYTHONPATH} /usr/bin/python3 -W ignore:setup.py install is deprecated setup.py egg_info --egg-base ../../build/turtle_pond build --build-base /home/guilherme04/turtle_workspace/build/turtle_pond/build install --record /home/guilherme04/turtle_workspace/build/turtle_pond/install.log --single-version-externally-managed install_data
[2.321s] running egg_info
[2.329s] writing ../../build/turtle_pond/turtle_pond.egg-info/PKG-INFO
[2.345s] writing dependency_links to ../../build/turtle_pond/turtle_pond.egg-info/dependency_links.txt
[2.346s] writing entry points to ../../build/turtle_pond/turtle_pond.egg-info/entry_points.txt
[2.347s] writing requirements to ../../build/turtle_pond/turtle_pond.egg-info/requires.txt
[2.347s] writing top-level names to ../../build/turtle_pond/turtle_pond.egg-info/top_level.txt
[2.351s] reading manifest file '../../build/turtle_pond/turtle_pond.egg-info/SOURCES.txt'
[2.353s] writing manifest file '../../build/turtle_pond/turtle_pond.egg-info/SOURCES.txt'
[2.354s] running build
[2.354s] running build_py
[2.355s] copying turtle_pond/turtle.py -> /home/guilherme04/turtle_workspace/build/turtle_pond/build/lib/turtle_pond
[2.356s] running install
[2.357s] running install_lib
[2.359s] copying /home/guilherme04/turtle_workspace/build/turtle_pond/build/lib/turtle_pond/turtle.py -> /home/guilherme04/turtle_workspace/install/turtle_pond/lib/python3.10/site-packages/turtle_pond
[2.360s] byte-compiling /home/guilherme04/turtle_workspace/install/turtle_pond/lib/python3.10/site-packages/turtle_pond/turtle.py to turtle.cpython-310.pyc
[2.361s] running install_data
[2.364s] running install_egg_info
[2.366s] removing '/home/guilherme04/turtle_workspace/install/turtle_pond/lib/python3.10/site-packages/turtle_pond-0.0.0-py3.10.egg-info' (and everything under it)
[2.367s] Copying ../../build/turtle_pond/turtle_pond.egg-info to /home/guilherme04/turtle_workspace/install/turtle_pond/lib/python3.10/site-packages/turtle_pond-0.0.0-py3.10.egg-info
[2.368s] running install_scripts
[2.419s] Installing turtle script to /home/guilherme04/turtle_workspace/install/turtle_pond/lib/turtle_pond
[2.423s] writing list of installed files to '/home/guilherme04/turtle_workspace/build/turtle_pond/install.log'
[2.598s] Invoked command in '/home/guilherme04/turtle_workspace/src/turtle_pond' returned '0': PYTHONPATH=/home/guilherme04/turtle_workspace/build/turtle_pond/prefix_override:/home/guilherme04/turtle_workspace/install/turtle_pond/lib/python3.10/site-packages:${PYTHONPATH} /usr/bin/python3 -W ignore:setup.py install is deprecated setup.py egg_info --egg-base ../../build/turtle_pond build --build-base /home/guilherme04/turtle_workspace/build/turtle_pond/build install --record /home/guilherme04/turtle_workspace/build/turtle_pond/install.log --single-version-externally-managed install_data
