[9.252s] Invoking command in '/home/guilherme04/turtle_workspace/build/turtlesim': CMAKE_PREFIX_PATH=/opt/ros/humble /usr/bin/cmake --build /home/guilherme04/turtle_workspace/build/turtlesim -- -j8 -l8
[10.253s] [ 10%] Built target turtlesim__rosidl_generator_c
[10.339s] [ 11%] Built target turtlesim__cpp
[10.815s] [ 21%] Built target turtlesim__rosidl_typesupport_c
[10.885s] [ 43%] Built target turtlesim__rosidl_typesupport_fastrtps_c
[11.095s] [ 60%] Built target turtlesim__rosidl_typesupport_fastrtps_cpp
[11.127s] [ 70%] Built target turtlesim__rosidl_typesupport_introspection_cpp
[11.128s] [ 71%] Built target turtlesim__rosidl_typesupport_cpp
[11.129s] [ 71%] Built target turtlesim__rosidl_typesupport_introspection_c
[11.228s] [ 71%] Built target ament_cmake_python_copy_turtlesim
[11.432s] [ 71%] Built target turtlesim
[11.460s] [ 73%] Built target turtle_teleop_key
[11.608s] [ 75%] Built target draw_square
[11.630s] [ 77%] Built target mimic
[11.975s] [ 83%] Built target turtlesim_node
[12.051s] [ 84%] Built target turtlesim__py
[12.353s] [ 93%] Built target turtlesim__rosidl_generator_py
[12.691s] [ 95%] Built target turtlesim__rosidl_typesupport_c__pyext
[12.698s] [100%] Built target turtlesim__rosidl_typesupport_fastrtps_c__pyext
[12.699s] [100%] Built target turtlesim__rosidl_typesupport_introspection_c__pyext
[14.513s] running egg_info
[14.519s] writing turtlesim.egg-info/PKG-INFO
[14.541s] writing dependency_links to turtlesim.egg-info/dependency_links.txt
[14.542s] writing top-level names to turtlesim.egg-info/top_level.txt
[14.562s] reading manifest file 'turtlesim.egg-info/SOURCES.txt'
[14.576s] writing manifest file 'turtlesim.egg-info/SOURCES.txt'
[15.099s] [100%] Built target ament_cmake_python_build_turtlesim_egg
[15.244s] Invoked command in '/home/guilherme04/turtle_workspace/build/turtlesim' returned '0': CMAKE_PREFIX_PATH=/opt/ros/humble /usr/bin/cmake --build /home/guilherme04/turtle_workspace/build/turtlesim -- -j8 -l8
[17.298s] Invoking command in '/home/guilherme04/turtle_workspace/build/turtlesim': CMAKE_PREFIX_PATH=/opt/ros/humble /usr/bin/cmake --install /home/guilherme04/turtle_workspace/build/turtlesim
[17.338s] -- Install configuration: ""
[17.340s] -- Up-to-date: /home/guilherme04/turtle_workspace/install/turtlesim/share/ament_index/resource_index/rosidl_interfaces/turtlesim
[17.341s] -- Up-to-date: /home/guilherme04/turtle_workspace/install/turtlesim/include/turtlesim/turtlesim
[17.341s] -- Up-to-date: /home/guilherme04/turtle_workspace/install/turtlesim/include/turtlesim/turtlesim/srv
[17.342s] -- Up-to-date: /home/guilherme04/turtle_workspace/install/turtlesim/include/turtlesim/turtlesim/srv/kill.h
[17.342s] -- Up-to-date: /home/guilherme04/turtle_workspace/install/turtlesim/include/turtlesim/turtlesim/srv/teleport_absolute.h
[17.343s] -- Up-to-date: /home/guilherme04/turtle_workspace/install/turtlesim/include/turtlesim/turtlesim/srv/spawn.h
[17.343s] -- Up-to-date: /home/guilherme04/turtle_workspace/install/turtlesim/include/turtlesim/turtlesim/srv/set_pen.h
[17.344s] -- Up-to-date: /home/guilherme04/turtle_workspace/install/turtlesim/include/turtlesim/turtlesim/srv/detail
[17.344s] -- Up-to-date: /home/guilherme04/turtle_workspace/install/turtlesim/include/turtlesim/turtlesim/srv/detail/teleport_absolute__functions.h
[17.344s] -- Up-to-date: /home/guilherme04/turtle_workspace/install/turtlesim/include/turtlesim/turtlesim/srv/detail/spawn__type_support.h
[17.346s] -- Up-to-date: /home/guilherme04/turtle_workspace/install/turtlesim/include/turtlesim/turtlesim/srv/detail/teleport_relative__type_support.h
[17.347s] -- Up-to-date: /home/guilherme04/turtle_workspace/install/turtlesim/include/turtlesim/turtlesim/srv/detail/teleport_absolute__type_support.h
[17.347s] -- Up-to-date: /home/guilherme04/turtle_workspace/install/turtlesim/include/turtlesim/turtlesim/srv/detail/set_pen__struct.h
[17.347s] -- Up-to-date: /home/guilherme04/turtle_workspace/install/turtlesim/include/turtlesim/turtlesim/srv/detail/kill__struct.h
[17.348s] -- Up-to-date: /home/guilherme04/turtle_workspace/install/turtlesim/include/turtlesim/turtlesim/srv/detail/teleport_relative__functions.h
[17.350s] -- Up-to-date: /home/guilherme04/turtle_workspace/install/turtlesim/include/turtlesim/turtlesim/srv/detail/teleport_absolute__functions.c
[17.363s] -- Up-to-date: /home/guilherme04/turtle_workspace/install/turtlesim/include/turtlesim/turtlesim/srv/detail/teleport_absolute__struct.h
[17.365s] -- Up-to-date: /home/guilherme04/turtle_workspace/install/turtlesim/include/turtlesim/turtlesim/srv/detail/spawn__functions.c
[17.366s] -- Up-to-date: /home/guilherme04/turtle_workspace/install/turtlesim/include/turtlesim/turtlesim/srv/detail/teleport_relative__functions.c
[17.366s] -- Up-to-date: /home/guilherme04/turtle_workspace/install/turtlesim/include/turtlesim/turtlesim/srv/detail/spawn__struct.h
[17.367s] -- Up-to-date: /home/guilherme04/turtle_workspace/install/turtlesim/include/turtlesim/turtlesim/srv/detail/teleport_relative__struct.h
[17.367s] -- Up-to-date: /home/guilherme04/turtle_workspace/install/turtlesim/include/turtlesim/turtlesim/srv/detail/kill__functions.h
[17.367s] -- Up-to-date: /home/guilherme04/turtle_workspace/install/turtlesim/include/turtlesim/turtlesim/srv/detail/kill__type_support.h
[17.367s] -- Up-to-date: /home/guilherme04/turtle_workspace/install/turtlesim/include/turtlesim/turtlesim/srv/detail/set_pen__functions.c
[17.368s] -- Up-to-date: /home/guilherme04/turtle_workspace/install/turtlesim/include/turtlesim/turtlesim/srv/detail/set_pen__type_support.h
[17.385s] -- Up-to-date: /home/guilherme04/turtle_workspace/install/turtlesim/include/turtlesim/turtlesim/srv/detail/set_pen__functions.h
[17.389s] -- Up-to-date: /home/guilherme04/turtle_workspace/install/turtlesim/include/turtlesim/turtlesim/srv/detail/spawn__functions.h
[17.390s] -- Up-to-date: /home/guilherme04/turtle_workspace/install/turtlesim/include/turtlesim/turtlesim/srv/detail/kill__functions.c
[17.392s] -- Up-to-date: /home/guilherme04/turtle_workspace/install/turtlesim/include/turtlesim/turtlesim/srv/teleport_relative.h
[17.394s] -- Up-to-date: /home/guilherme04/turtle_workspace/install/turtlesim/include/turtlesim/turtlesim/msg
[17.397s] -- Up-to-date: /home/guilherme04/turtle_workspace/install/turtlesim/include/turtlesim/turtlesim/msg/pose.h
[17.410s] -- Up-to-date: /home/guilherme04/turtle_workspace/install/turtlesim/include/turtlesim/turtlesim/msg/color.h
[17.411s] -- Up-to-date: /home/guilherme04/turtle_workspace/install/turtlesim/include/turtlesim/turtlesim/msg/rosidl_generator_c__visibility_control.h
[17.413s] -- Up-to-date: /home/guilherme04/turtle_workspace/install/turtlesim/include/turtlesim/turtlesim/msg/detail
[17.413s] -- Up-to-date: /home/guilherme04/turtle_workspace/install/turtlesim/include/turtlesim/turtlesim/msg/detail/pose__functions.h
[17.415s] -- Up-to-date: /home/guilherme04/turtle_workspace/install/turtlesim/include/turtlesim/turtlesim/msg/detail/pose__struct.h
[17.429s] -- Up-to-date: /home/guilherme04/turtle_workspace/install/turtlesim/include/turtlesim/turtlesim/msg/detail/color__struct.h
[17.442s] -- Up-to-date: /home/guilherme04/turtle_workspace/install/turtlesim/include/turtlesim/turtlesim/msg/detail/pose__functions.c
[17.457s] -- Up-to-date: /home/guilherme04/turtle_workspace/install/turtlesim/include/turtlesim/turtlesim/msg/detail/color__functions.h
[17.463s] -- Up-to-date: /home/guilherme04/turtle_workspace/install/turtlesim/include/turtlesim/turtlesim/msg/detail/color__functions.c
[17.475s] -- Up-to-date: /home/guilherme04/turtle_workspace/install/turtlesim/include/turtlesim/turtlesim/msg/detail/color__type_support.h
[17.475s] -- Up-to-date: /home/guilherme04/turtle_workspace/install/turtlesim/include/turtlesim/turtlesim/msg/detail/pose__type_support.h
[17.476s] -- Up-to-date: /home/guilherme04/turtle_workspace/install/turtlesim/include/turtlesim/turtlesim/action
[17.476s] -- Up-to-date: /home/guilherme04/turtle_workspace/install/turtlesim/include/turtlesim/turtlesim/action/rotate_absolute.h
[17.477s] -- Up-to-date: /home/guilherme04/turtle_workspace/install/turtlesim/include/turtlesim/turtlesim/action/detail
[17.506s] -- Up-to-date: /home/guilherme04/turtle_workspace/install/turtlesim/include/turtlesim/turtlesim/action/detail/rotate_absolute__functions.c
[17.552s] -- Up-to-date: /home/guilherme04/turtle_workspace/install/turtlesim/include/turtlesim/turtlesim/action/detail/rotate_absolute__type_support.h
[17.552s] -- Up-to-date: /home/guilherme04/turtle_workspace/install/turtlesim/include/turtlesim/turtlesim/action/detail/rotate_absolute__functions.h
[17.553s] -- Up-to-date: /home/guilherme04/turtle_workspace/install/turtlesim/include/turtlesim/turtlesim/action/detail/rotate_absolute__struct.h
[17.554s] -- Up-to-date: /home/guilherme04/turtle_workspace/install/turtlesim/share/turtlesim/environment/library_path.sh
[17.555s] -- Up-to-date: /home/guilherme04/turtle_workspace/install/turtlesim/share/turtlesim/environment/library_path.dsv
[17.555s] -- Up-to-date: /home/guilherme04/turtle_workspace/install/turtlesim/lib/libturtlesim__rosidl_generator_c.so
[17.556s] -- Up-to-date: /home/guilherme04/turtle_workspace/install/turtlesim/include/turtlesim/turtlesim
[17.556s] -- Up-to-date: /home/guilherme04/turtle_workspace/install/turtlesim/include/turtlesim/turtlesim/srv
[17.557s] -- Up-to-date: /home/guilherme04/turtle_workspace/install/turtlesim/include/turtlesim/turtlesim/srv/detail
[17.560s] -- Up-to-date: /home/guilherme04/turtle_workspace/install/turtlesim/include/turtlesim/turtlesim/srv/detail/spawn__rosidl_typesupport_fastrtps_c.h
[17.560s] -- Up-to-date: /home/guilherme04/turtle_workspace/install/turtlesim/include/turtlesim/turtlesim/srv/detail/teleport_relative__rosidl_typesupport_fastrtps_c.h
[17.563s] -- Up-to-date: /home/guilherme04/turtle_workspace/install/turtlesim/include/turtlesim/turtlesim/srv/detail/kill__rosidl_typesupport_fastrtps_c.h
[17.563s] -- Up-to-date: /home/guilherme04/turtle_workspace/install/turtlesim/include/turtlesim/turtlesim/srv/detail/teleport_absolute__rosidl_typesupport_fastrtps_c.h
[17.563s] -- Up-to-date: /home/guilherme04/turtle_workspace/install/turtlesim/include/turtlesim/turtlesim/srv/detail/set_pen__rosidl_typesupport_fastrtps_c.h
[17.567s] -- Up-to-date: /home/guilherme04/turtle_workspace/install/turtlesim/include/turtlesim/turtlesim/msg
[17.568s] -- Up-to-date: /home/guilherme04/turtle_workspace/install/turtlesim/include/turtlesim/turtlesim/msg/rosidl_typesupport_fastrtps_c__visibility_control.h
[17.569s] -- Up-to-date: /home/guilherme04/turtle_workspace/install/turtlesim/include/turtlesim/turtlesim/msg/detail
[17.569s] -- Up-to-date: /home/guilherme04/turtle_workspace/install/turtlesim/include/turtlesim/turtlesim/msg/detail/color__rosidl_typesupport_fastrtps_c.h
[17.570s] -- Up-to-date: /home/guilherme04/turtle_workspace/install/turtlesim/include/turtlesim/turtlesim/msg/detail/pose__rosidl_typesupport_fastrtps_c.h
[17.570s] -- Up-to-date: /home/guilherme04/turtle_workspace/install/turtlesim/include/turtlesim/turtlesim/action
[17.570s] -- Up-to-date: /home/guilherme04/turtle_workspace/install/turtlesim/include/turtlesim/turtlesim/action/detail
[17.570s] -- Up-to-date: /home/guilherme04/turtle_workspace/install/turtlesim/include/turtlesim/turtlesim/action/detail/rotate_absolute__rosidl_typesupport_fastrtps_c.h
[17.570s] -- Up-to-date: /home/guilherme04/turtle_workspace/install/turtlesim/lib/libturtlesim__rosidl_typesupport_fastrtps_c.so
[17.571s] -- Up-to-date: /home/guilherme04/turtle_workspace/install/turtlesim/include/turtlesim/turtlesim
[17.571s] -- Up-to-date: /home/guilherme04/turtle_workspace/install/turtlesim/include/turtlesim/turtlesim/srv
[17.571s] -- Up-to-date: /home/guilherme04/turtle_workspace/install/turtlesim/include/turtlesim/turtlesim/srv/teleport_relative.hpp
[17.571s] -- Up-to-date: /home/guilherme04/turtle_workspace/install/turtlesim/include/turtlesim/turtlesim/srv/set_pen.hpp
[17.571s] -- Up-to-date: /home/guilherme04/turtle_workspace/install/turtlesim/include/turtlesim/turtlesim/srv/teleport_absolute.hpp
[17.572s] -- Up-to-date: /home/guilherme04/turtle_workspace/install/turtlesim/include/turtlesim/turtlesim/srv/spawn.hpp
[17.572s] -- Up-to-date: /home/guilherme04/turtle_workspace/install/turtlesim/include/turtlesim/turtlesim/srv/kill.hpp
[17.572s] -- Up-to-date: /home/guilherme04/turtle_workspace/install/turtlesim/include/turtlesim/turtlesim/srv/detail
[17.572s] -- Up-to-date: /home/guilherme04/turtle_workspace/install/turtlesim/include/turtlesim/turtlesim/srv/detail/spawn__traits.hpp
[17.572s] -- Up-to-date: /home/guilherme04/turtle_workspace/install/turtlesim/include/turtlesim/turtlesim/srv/detail/spawn__builder.hpp
[17.573s] -- Up-to-date: /home/guilherme04/turtle_workspace/install/turtlesim/include/turtlesim/turtlesim/srv/detail/teleport_relative__struct.hpp
[17.573s] -- Up-to-date: /home/guilherme04/turtle_workspace/install/turtlesim/include/turtlesim/turtlesim/srv/detail/kill__struct.hpp
[17.573s] -- Up-to-date: /home/guilherme04/turtle_workspace/install/turtlesim/include/turtlesim/turtlesim/srv/detail/teleport_absolute__builder.hpp
[17.574s] -- Up-to-date: /home/guilherme04/turtle_workspace/install/turtlesim/include/turtlesim/turtlesim/srv/detail/teleport_absolute__traits.hpp
[17.574s] -- Up-to-date: /home/guilherme04/turtle_workspace/install/turtlesim/include/turtlesim/turtlesim/srv/detail/set_pen__struct.hpp
[17.574s] -- Up-to-date: /home/guilherme04/turtle_workspace/install/turtlesim/include/turtlesim/turtlesim/srv/detail/kill__traits.hpp
[17.574s] -- Up-to-date: /home/guilherme04/turtle_workspace/install/turtlesim/include/turtlesim/turtlesim/srv/detail/kill__builder.hpp
[17.575s] -- Up-to-date: /home/guilherme04/turtle_workspace/install/turtlesim/include/turtlesim/turtlesim/srv/detail/spawn__struct.hpp
[17.575s] -- Up-to-date: /home/guilherme04/turtle_workspace/install/turtlesim/include/turtlesim/turtlesim/srv/detail/set_pen__traits.hpp
[17.575s] -- Up-to-date: /home/guilherme04/turtle_workspace/install/turtlesim/include/turtlesim/turtlesim/srv/detail/teleport_relative__traits.hpp
[17.575s] -- Up-to-date: /home/guilherme04/turtle_workspace/install/turtlesim/include/turtlesim/turtlesim/srv/detail/teleport_relative__builder.hpp
[17.576s] -- Up-to-date: /home/guilherme04/turtle_workspace/install/turtlesim/include/turtlesim/turtlesim/srv/detail/teleport_absolute__struct.hpp
[17.576s] -- Up-to-date: /home/guilherme04/turtle_workspace/install/turtlesim/include/turtlesim/turtlesim/srv/detail/set_pen__builder.hpp
[17.576s] -- Up-to-date: /home/guilherme04/turtle_workspace/install/turtlesim/include/turtlesim/turtlesim/msg
[17.576s] -- Up-to-date: /home/guilherme04/turtle_workspace/install/turtlesim/include/turtlesim/turtlesim/msg/pose.hpp
[17.577s] -- Up-to-date: /home/guilherme04/turtle_workspace/install/turtlesim/include/turtlesim/turtlesim/msg/detail
[17.577s] -- Up-to-date: /home/guilherme04/turtle_workspace/install/turtlesim/include/turtlesim/turtlesim/msg/detail/pose__traits.hpp
[17.579s] -- Up-to-date: /home/guilherme04/turtle_workspace/install/turtlesim/include/turtlesim/turtlesim/msg/detail/pose__builder.hpp
[17.585s] -- Up-to-date: /home/guilherme04/turtle_workspace/install/turtlesim/include/turtlesim/turtlesim/msg/detail/color__struct.hpp
[17.585s] -- Up-to-date: /home/guilherme04/turtle_workspace/install/turtlesim/include/turtlesim/turtlesim/msg/detail/color__traits.hpp
[17.586s] -- Up-to-date: /home/guilherme04/turtle_workspace/install/turtlesim/include/turtlesim/turtlesim/msg/detail/pose__struct.hpp
[17.586s] -- Up-to-date: /home/guilherme04/turtle_workspace/install/turtlesim/include/turtlesim/turtlesim/msg/detail/color__builder.hpp
[17.586s] -- Up-to-date: /home/guilherme04/turtle_workspace/install/turtlesim/include/turtlesim/turtlesim/msg/color.hpp
[17.586s] -- Up-to-date: /home/guilherme04/turtle_workspace/install/turtlesim/include/turtlesim/turtlesim/action
[17.586s] -- Up-to-date: /home/guilherme04/turtle_workspace/install/turtlesim/include/turtlesim/turtlesim/action/rotate_absolute.hpp
[17.587s] -- Up-to-date: /home/guilherme04/turtle_workspace/install/turtlesim/include/turtlesim/turtlesim/action/detail
[17.587s] -- Up-to-date: /home/guilherme04/turtle_workspace/install/turtlesim/include/turtlesim/turtlesim/action/detail/rotate_absolute__traits.hpp
[17.587s] -- Up-to-date: /home/guilherme04/turtle_workspace/install/turtlesim/include/turtlesim/turtlesim/action/detail/rotate_absolute__struct.hpp
[17.587s] -- Up-to-date: /home/guilherme04/turtle_workspace/install/turtlesim/include/turtlesim/turtlesim/action/detail/rotate_absolute__builder.hpp
[17.587s] -- Up-to-date: /home/guilherme04/turtle_workspace/install/turtlesim/include/turtlesim/turtlesim
[17.587s] -- Up-to-date: /home/guilherme04/turtle_workspace/install/turtlesim/include/turtlesim/turtlesim/srv
[17.587s] -- Up-to-date: /home/guilherme04/turtle_workspace/install/turtlesim/include/turtlesim/turtlesim/srv/detail
[17.588s] -- Up-to-date: /home/guilherme04/turtle_workspace/install/turtlesim/include/turtlesim/turtlesim/srv/detail/spawn__rosidl_typesupport_fastrtps_cpp.hpp
[17.588s] -- Up-to-date: /home/guilherme04/turtle_workspace/install/turtlesim/include/turtlesim/turtlesim/srv/detail/teleport_relative__rosidl_typesupport_fastrtps_cpp.hpp
[17.588s] -- Up-to-date: /home/guilherme04/turtle_workspace/install/turtlesim/include/turtlesim/turtlesim/srv/detail/teleport_absolute__rosidl_typesupport_fastrtps_cpp.hpp
[17.588s] -- Up-to-date: /home/guilherme04/turtle_workspace/install/turtlesim/include/turtlesim/turtlesim/srv/detail/dds_fastrtps
[17.588s] -- Up-to-date: /home/guilherme04/turtle_workspace/install/turtlesim/include/turtlesim/turtlesim/srv/detail/set_pen__rosidl_typesupport_fastrtps_cpp.hpp
[17.588s] -- Up-to-date: /home/guilherme04/turtle_workspace/install/turtlesim/include/turtlesim/turtlesim/srv/detail/kill__rosidl_typesupport_fastrtps_cpp.hpp
[17.588s] -- Up-to-date: /home/guilherme04/turtle_workspace/install/turtlesim/include/turtlesim/turtlesim/msg
[17.589s] -- Up-to-date: /home/guilherme04/turtle_workspace/install/turtlesim/include/turtlesim/turtlesim/msg/rosidl_typesupport_fastrtps_cpp__visibility_control.h
[17.589s] -- Up-to-date: /home/guilherme04/turtle_workspace/install/turtlesim/include/turtlesim/turtlesim/msg/detail
[17.589s] -- Up-to-date: /home/guilherme04/turtle_workspace/install/turtlesim/include/turtlesim/turtlesim/msg/detail/pose__rosidl_typesupport_fastrtps_cpp.hpp
[17.590s] -- Up-to-date: /home/guilherme04/turtle_workspace/install/turtlesim/include/turtlesim/turtlesim/msg/detail/dds_fastrtps
[17.590s] -- Up-to-date: /home/guilherme04/turtle_workspace/install/turtlesim/include/turtlesim/turtlesim/msg/detail/color__rosidl_typesupport_fastrtps_cpp.hpp
[17.590s] -- Up-to-date: /home/guilherme04/turtle_workspace/install/turtlesim/include/turtlesim/turtlesim/action
[17.590s] -- Up-to-date: /home/guilherme04/turtle_workspace/install/turtlesim/include/turtlesim/turtlesim/action/detail
[17.590s] -- Up-to-date: /home/guilherme04/turtle_workspace/install/turtlesim/include/turtlesim/turtlesim/action/detail/rotate_absolute__rosidl_typesupport_fastrtps_cpp.hpp
[17.590s] -- Up-to-date: /home/guilherme04/turtle_workspace/install/turtlesim/include/turtlesim/turtlesim/action/detail/dds_fastrtps
[17.590s] -- Up-to-date: /home/guilherme04/turtle_workspace/install/turtlesim/lib/libturtlesim__rosidl_typesupport_fastrtps_cpp.so
[17.591s] -- Up-to-date: /home/guilherme04/turtle_workspace/install/turtlesim/include/turtlesim/turtlesim
[17.591s] -- Up-to-date: /home/guilherme04/turtle_workspace/install/turtlesim/include/turtlesim/turtlesim/srv
[17.591s] -- Up-to-date: /home/guilherme04/turtle_workspace/install/turtlesim/include/turtlesim/turtlesim/srv/detail
[17.591s] -- Up-to-date: /home/guilherme04/turtle_workspace/install/turtlesim/include/turtlesim/turtlesim/srv/detail/set_pen__type_support.c
[17.591s] -- Up-to-date: /home/guilherme04/turtle_workspace/install/turtlesim/include/turtlesim/turtlesim/srv/detail/kill__rosidl_typesupport_introspection_c.h
[17.596s] -- Up-to-date: /home/guilherme04/turtle_workspace/install/turtlesim/include/turtlesim/turtlesim/srv/detail/teleport_absolute__rosidl_typesupport_introspection_c.h
[17.598s] -- Up-to-date: /home/guilherme04/turtle_workspace/install/turtlesim/include/turtlesim/turtlesim/srv/detail/spawn__type_support.c
[17.599s] -- Up-to-date: /home/guilherme04/turtle_workspace/install/turtlesim/include/turtlesim/turtlesim/srv/detail/set_pen__rosidl_typesupport_introspection_c.h
[17.600s] -- Up-to-date: /home/guilherme04/turtle_workspace/install/turtlesim/include/turtlesim/turtlesim/srv/detail/teleport_absolute__type_support.c
[17.601s] -- Up-to-date: /home/guilherme04/turtle_workspace/install/turtlesim/include/turtlesim/turtlesim/srv/detail/teleport_relative__type_support.c
[17.602s] -- Up-to-date: /home/guilherme04/turtle_workspace/install/turtlesim/include/turtlesim/turtlesim/srv/detail/spawn__rosidl_typesupport_introspection_c.h
[17.602s] -- Up-to-date: /home/guilherme04/turtle_workspace/install/turtlesim/include/turtlesim/turtlesim/srv/detail/teleport_relative__rosidl_typesupport_introspection_c.h
[17.602s] -- Up-to-date: /home/guilherme04/turtle_workspace/install/turtlesim/include/turtlesim/turtlesim/srv/detail/kill__type_support.c
[17.602s] -- Up-to-date: /home/guilherme04/turtle_workspace/install/turtlesim/include/turtlesim/turtlesim/msg
[17.602s] -- Up-to-date: /home/guilherme04/turtle_workspace/install/turtlesim/include/turtlesim/turtlesim/msg/rosidl_typesupport_introspection_c__visibility_control.h
[17.603s] -- Up-to-date: /home/guilherme04/turtle_workspace/install/turtlesim/include/turtlesim/turtlesim/msg/detail
[17.603s] -- Up-to-date: /home/guilherme04/turtle_workspace/install/turtlesim/include/turtlesim/turtlesim/msg/detail/color__type_support.c
[17.603s] -- Up-to-date: /home/guilherme04/turtle_workspace/install/turtlesim/include/turtlesim/turtlesim/msg/detail/pose__rosidl_typesupport_introspection_c.h
[17.603s] -- Up-to-date: /home/guilherme04/turtle_workspace/install/turtlesim/include/turtlesim/turtlesim/msg/detail/color__rosidl_typesupport_introspection_c.h
[17.603s] -- Up-to-date: /home/guilherme04/turtle_workspace/install/turtlesim/include/turtlesim/turtlesim/msg/detail/pose__type_support.c
[17.604s] -- Up-to-date: /home/guilherme04/turtle_workspace/install/turtlesim/include/turtlesim/turtlesim/action
[17.604s] -- Up-to-date: /home/guilherme04/turtle_workspace/install/turtlesim/include/turtlesim/turtlesim/action/detail
[17.604s] -- Up-to-date: /home/guilherme04/turtle_workspace/install/turtlesim/include/turtlesim/turtlesim/action/detail/rotate_absolute__type_support.c
[17.604s] -- Up-to-date: /home/guilherme04/turtle_workspace/install/turtlesim/include/turtlesim/turtlesim/action/detail/rotate_absolute__rosidl_typesupport_introspection_c.h
[17.604s] -- Up-to-date: /home/guilherme04/turtle_workspace/install/turtlesim/lib/libturtlesim__rosidl_typesupport_introspection_c.so
[17.604s] -- Up-to-date: /home/guilherme04/turtle_workspace/install/turtlesim/lib/libturtlesim__rosidl_typesupport_c.so
[17.604s] -- Up-to-date: /home/guilherme04/turtle_workspace/install/turtlesim/include/turtlesim/turtlesim
[17.605s] -- Up-to-date: /home/guilherme04/turtle_workspace/install/turtlesim/include/turtlesim/turtlesim/srv
[17.605s] -- Up-to-date: /home/guilherme04/turtle_workspace/install/turtlesim/include/turtlesim/turtlesim/srv/detail
[17.605s] -- Up-to-date: /home/guilherme04/turtle_workspace/install/turtlesim/include/turtlesim/turtlesim/srv/detail/kill__type_support.cpp
[17.605s] -- Up-to-date: /home/guilherme04/turtle_workspace/install/turtlesim/include/turtlesim/turtlesim/srv/detail/set_pen__type_support.cpp
[17.605s] -- Up-to-date: /home/guilherme04/turtle_workspace/install/turtlesim/include/turtlesim/turtlesim/srv/detail/spawn__type_support.cpp
[17.605s] -- Up-to-date: /home/guilherme04/turtle_workspace/install/turtlesim/include/turtlesim/turtlesim/srv/detail/teleport_relative__type_support.cpp
[17.605s] -- Up-to-date: /home/guilherme04/turtle_workspace/install/turtlesim/include/turtlesim/turtlesim/srv/detail/teleport_absolute__type_support.cpp
[17.606s] -- Up-to-date: /home/guilherme04/turtle_workspace/install/turtlesim/include/turtlesim/turtlesim/srv/detail/teleport_absolute__rosidl_typesupport_introspection_cpp.hpp
[17.606s] -- Up-to-date: /home/guilherme04/turtle_workspace/install/turtlesim/include/turtlesim/turtlesim/srv/detail/set_pen__rosidl_typesupport_introspection_cpp.hpp
[17.606s] -- Up-to-date: /home/guilherme04/turtle_workspace/install/turtlesim/include/turtlesim/turtlesim/srv/detail/kill__rosidl_typesupport_introspection_cpp.hpp
[17.606s] -- Up-to-date: /home/guilherme04/turtle_workspace/install/turtlesim/include/turtlesim/turtlesim/srv/detail/spawn__rosidl_typesupport_introspection_cpp.hpp
[17.606s] -- Up-to-date: /home/guilherme04/turtle_workspace/install/turtlesim/include/turtlesim/turtlesim/srv/detail/teleport_relative__rosidl_typesupport_introspection_cpp.hpp
[17.606s] -- Up-to-date: /home/guilherme04/turtle_workspace/install/turtlesim/include/turtlesim/turtlesim/msg
[17.607s] -- Up-to-date: /home/guilherme04/turtle_workspace/install/turtlesim/include/turtlesim/turtlesim/msg/detail
[17.607s] -- Up-to-date: /home/guilherme04/turtle_workspace/install/turtlesim/include/turtlesim/turtlesim/msg/detail/color__rosidl_typesupport_introspection_cpp.hpp
[17.607s] -- Up-to-date: /home/guilherme04/turtle_workspace/install/turtlesim/include/turtlesim/turtlesim/msg/detail/pose__rosidl_typesupport_introspection_cpp.hpp
[17.607s] -- Up-to-date: /home/guilherme04/turtle_workspace/install/turtlesim/include/turtlesim/turtlesim/msg/detail/color__type_support.cpp
[17.607s] -- Up-to-date: /home/guilherme04/turtle_workspace/install/turtlesim/include/turtlesim/turtlesim/msg/detail/pose__type_support.cpp
[17.607s] -- Up-to-date: /home/guilherme04/turtle_workspace/install/turtlesim/include/turtlesim/turtlesim/action
[17.608s] -- Up-to-date: /home/guilherme04/turtle_workspace/install/turtlesim/include/turtlesim/turtlesim/action/detail
[17.608s] -- Up-to-date: /home/guilherme04/turtle_workspace/install/turtlesim/include/turtlesim/turtlesim/action/detail/rotate_absolute__rosidl_typesupport_introspection_cpp.hpp
[17.623s] -- Up-to-date: /home/guilherme04/turtle_workspace/install/turtlesim/include/turtlesim/turtlesim/action/detail/rotate_absolute__type_support.cpp
[17.625s] -- Up-to-date: /home/guilherme04/turtle_workspace/install/turtlesim/lib/libturtlesim__rosidl_typesupport_introspection_cpp.so
[17.625s] -- Up-to-date: /home/guilherme04/turtle_workspace/install/turtlesim/lib/libturtlesim__rosidl_typesupport_cpp.so
[17.626s] -- Up-to-date: /home/guilherme04/turtle_workspace/install/turtlesim/share/turtlesim/environment/pythonpath.sh
[17.626s] -- Up-to-date: /home/guilherme04/turtle_workspace/install/turtlesim/share/turtlesim/environment/pythonpath.dsv
[17.626s] -- Up-to-date: /home/guilherme04/turtle_workspace/install/turtlesim/local/lib/python3.10/dist-packages/turtlesim-1.4.2-py3.10.egg-info
[17.626s] -- Installing: /home/guilherme04/turtle_workspace/install/turtlesim/local/lib/python3.10/dist-packages/turtlesim-1.4.2-py3.10.egg-info/top_level.txt
[17.627s] -- Installing: /home/guilherme04/turtle_workspace/install/turtlesim/local/lib/python3.10/dist-packages/turtlesim-1.4.2-py3.10.egg-info/dependency_links.txt
[17.627s] -- Installing: /home/guilherme04/turtle_workspace/install/turtlesim/local/lib/python3.10/dist-packages/turtlesim-1.4.2-py3.10.egg-info/SOURCES.txt
[17.627s] -- Installing: /home/guilherme04/turtle_workspace/install/turtlesim/local/lib/python3.10/dist-packages/turtlesim-1.4.2-py3.10.egg-info/PKG-INFO
[17.627s] -- Up-to-date: /home/guilherme04/turtle_workspace/install/turtlesim/local/lib/python3.10/dist-packages/turtlesim
[17.627s] -- Up-to-date: /home/guilherme04/turtle_workspace/install/turtlesim/local/lib/python3.10/dist-packages/turtlesim/srv
[17.628s] -- Up-to-date: /home/guilherme04/turtle_workspace/install/turtlesim/local/lib/python3.10/dist-packages/turtlesim/srv/_spawn.py
[17.628s] -- Up-to-date: /home/guilherme04/turtle_workspace/install/turtlesim/local/lib/python3.10/dist-packages/turtlesim/srv/_spawn_s.c
[17.628s] -- Up-to-date: /home/guilherme04/turtle_workspace/install/turtlesim/local/lib/python3.10/dist-packages/turtlesim/srv/_teleport_absolute_s.c
[17.629s] -- Up-to-date: /home/guilherme04/turtle_workspace/install/turtlesim/local/lib/python3.10/dist-packages/turtlesim/srv/_set_pen_s.c
[17.629s] -- Up-to-date: /home/guilherme04/turtle_workspace/install/turtlesim/local/lib/python3.10/dist-packages/turtlesim/srv/_teleport_relative.py
[17.643s] -- Up-to-date: /home/guilherme04/turtle_workspace/install/turtlesim/local/lib/python3.10/dist-packages/turtlesim/srv/_teleport_relative_s.c
[17.644s] -- Up-to-date: /home/guilherme04/turtle_workspace/install/turtlesim/local/lib/python3.10/dist-packages/turtlesim/srv/_kill_s.c
[17.658s] -- Up-to-date: /home/guilherme04/turtle_workspace/install/turtlesim/local/lib/python3.10/dist-packages/turtlesim/srv/_kill.py
[17.658s] -- Up-to-date: /home/guilherme04/turtle_workspace/install/turtlesim/local/lib/python3.10/dist-packages/turtlesim/srv/_set_pen.py
[17.659s] -- Up-to-date: /home/guilherme04/turtle_workspace/install/turtlesim/local/lib/python3.10/dist-packages/turtlesim/srv/_teleport_absolute.py
[17.661s] -- Up-to-date: /home/guilherme04/turtle_workspace/install/turtlesim/local/lib/python3.10/dist-packages/turtlesim/srv/__init__.py
[17.674s] -- Up-to-date: /home/guilherme04/turtle_workspace/install/turtlesim/local/lib/python3.10/dist-packages/turtlesim/turtlesim_s__rosidl_typesupport_introspection_c.cpython-310-x86_64-linux-gnu.so
[17.674s] -- Up-to-date: /home/guilherme04/turtle_workspace/install/turtlesim/local/lib/python3.10/dist-packages/turtlesim/_turtlesim_s.ep.rosidl_typesupport_c.c
[17.674s] -- Up-to-date: /home/guilherme04/turtle_workspace/install/turtlesim/local/lib/python3.10/dist-packages/turtlesim/_turtlesim_s.ep.rosidl_typesupport_introspection_c.c
[17.674s] -- Up-to-date: /home/guilherme04/turtle_workspace/install/turtlesim/local/lib/python3.10/dist-packages/turtlesim/_turtlesim_s.ep.rosidl_typesupport_fastrtps_c.c
[17.675s] -- Up-to-date: /home/guilherme04/turtle_workspace/install/turtlesim/local/lib/python3.10/dist-packages/turtlesim/libturtlesim__rosidl_generator_py.so
[17.675s] -- Up-to-date: /home/guilherme04/turtle_workspace/install/turtlesim/local/lib/python3.10/dist-packages/turtlesim/msg
[17.675s] -- Up-to-date: /home/guilherme04/turtle_workspace/install/turtlesim/local/lib/python3.10/dist-packages/turtlesim/msg/_pose_s.c
[17.675s] -- Up-to-date: /home/guilherme04/turtle_workspace/install/turtlesim/local/lib/python3.10/dist-packages/turtlesim/msg/_color.py
[17.675s] -- Up-to-date: /home/guilherme04/turtle_workspace/install/turtlesim/local/lib/python3.10/dist-packages/turtlesim/msg/_pose.py
[17.676s] -- Up-to-date: /home/guilherme04/turtle_workspace/install/turtlesim/local/lib/python3.10/dist-packages/turtlesim/msg/_color_s.c
[17.676s] -- Up-to-date: /home/guilherme04/turtle_workspace/install/turtlesim/local/lib/python3.10/dist-packages/turtlesim/msg/__init__.py
[17.676s] -- Up-to-date: /home/guilherme04/turtle_workspace/install/turtlesim/local/lib/python3.10/dist-packages/turtlesim/turtlesim_s__rosidl_typesupport_fastrtps_c.cpython-310-x86_64-linux-gnu.so
[17.676s] -- Up-to-date: /home/guilherme04/turtle_workspace/install/turtlesim/local/lib/python3.10/dist-packages/turtlesim/turtlesim_s__rosidl_typesupport_c.cpython-310-x86_64-linux-gnu.so
[17.676s] -- Up-to-date: /home/guilherme04/turtle_workspace/install/turtlesim/local/lib/python3.10/dist-packages/turtlesim/__init__.py
[17.676s] -- Up-to-date: /home/guilherme04/turtle_workspace/install/turtlesim/local/lib/python3.10/dist-packages/turtlesim/action
[17.677s] -- Up-to-date: /home/guilherme04/turtle_workspace/install/turtlesim/local/lib/python3.10/dist-packages/turtlesim/action/_rotate_absolute.py
[17.677s] -- Up-to-date: /home/guilherme04/turtle_workspace/install/turtlesim/local/lib/python3.10/dist-packages/turtlesim/action/_rotate_absolute_s.c
[17.677s] -- Up-to-date: /home/guilherme04/turtle_workspace/install/turtlesim/local/lib/python3.10/dist-packages/turtlesim/action/__init__.py
[18.031s] Listing '/home/guilherme04/turtle_workspace/install/turtlesim/local/lib/python3.10/dist-packages/turtlesim'...
[18.033s] Listing '/home/guilherme04/turtle_workspace/install/turtlesim/local/lib/python3.10/dist-packages/turtlesim/action'...
[18.033s] Listing '/home/guilherme04/turtle_workspace/install/turtlesim/local/lib/python3.10/dist-packages/turtlesim/msg'...
[18.034s] Listing '/home/guilherme04/turtle_workspace/install/turtlesim/local/lib/python3.10/dist-packages/turtlesim/srv'...
[18.154s] -- Up-to-date: /home/guilherme04/turtle_workspace/install/turtlesim/local/lib/python3.10/dist-packages/turtlesim/turtlesim_s__rosidl_typesupport_fastrtps_c.cpython-310-x86_64-linux-gnu.so
[18.166s] -- Up-to-date: /home/guilherme04/turtle_workspace/install/turtlesim/local/lib/python3.10/dist-packages/turtlesim/turtlesim_s__rosidl_typesupport_introspection_c.cpython-310-x86_64-linux-gnu.so
[18.174s] -- Up-to-date: /home/guilherme04/turtle_workspace/install/turtlesim/local/lib/python3.10/dist-packages/turtlesim/turtlesim_s__rosidl_typesupport_c.cpython-310-x86_64-linux-gnu.so
[18.175s] -- Up-to-date: /home/guilherme04/turtle_workspace/install/turtlesim/lib/libturtlesim__rosidl_generator_py.so
[18.192s] -- Up-to-date: /home/guilherme04/turtle_workspace/install/turtlesim/share/turtlesim/action/RotateAbsolute.idl
[18.203s] -- Up-to-date: /home/guilherme04/turtle_workspace/install/turtlesim/share/turtlesim/msg/Color.idl
[18.207s] -- Up-to-date: /home/guilherme04/turtle_workspace/install/turtlesim/share/turtlesim/msg/Pose.idl
[18.226s] -- Up-to-date: /home/guilherme04/turtle_workspace/install/turtlesim/share/turtlesim/srv/Kill.idl
[18.229s] -- Up-to-date: /home/guilherme04/turtle_workspace/install/turtlesim/share/turtlesim/srv/SetPen.idl
[18.238s] -- Up-to-date: /home/guilherme04/turtle_workspace/install/turtlesim/share/turtlesim/srv/Spawn.idl
[18.239s] -- Up-to-date: /home/guilherme04/turtle_workspace/install/turtlesim/share/turtlesim/srv/TeleportAbsolute.idl
[18.239s] -- Up-to-date: /home/guilherme04/turtle_workspace/install/turtlesim/share/turtlesim/srv/TeleportRelative.idl
[18.240s] -- Up-to-date: /home/guilherme04/turtle_workspace/install/turtlesim/share/turtlesim/action/RotateAbsolute.action
[18.240s] -- Up-to-date: /home/guilherme04/turtle_workspace/install/turtlesim/share/turtlesim/msg/Color.msg
[18.240s] -- Up-to-date: /home/guilherme04/turtle_workspace/install/turtlesim/share/turtlesim/msg/Pose.msg
[18.240s] -- Up-to-date: /home/guilherme04/turtle_workspace/install/turtlesim/share/turtlesim/srv/Kill.srv
[18.241s] -- Up-to-date: /home/guilherme04/turtle_workspace/install/turtlesim/share/turtlesim/srv/Kill_Request.msg
[18.241s] -- Up-to-date: /home/guilherme04/turtle_workspace/install/turtlesim/share/turtlesim/srv/Kill_Response.msg
[18.241s] -- Up-to-date: /home/guilherme04/turtle_workspace/install/turtlesim/share/turtlesim/srv/SetPen.srv
[18.242s] -- Up-to-date: /home/guilherme04/turtle_workspace/install/turtlesim/share/turtlesim/srv/SetPen_Request.msg
[18.242s] -- Up-to-date: /home/guilherme04/turtle_workspace/install/turtlesim/share/turtlesim/srv/SetPen_Response.msg
[18.251s] -- Up-to-date: /home/guilherme04/turtle_workspace/install/turtlesim/share/turtlesim/srv/Spawn.srv
[18.253s] -- Up-to-date: /home/guilherme04/turtle_workspace/install/turtlesim/share/turtlesim/srv/Spawn_Request.msg
[18.255s] -- Up-to-date: /home/guilherme04/turtle_workspace/install/turtlesim/share/turtlesim/srv/Spawn_Response.msg
[18.256s] -- Up-to-date: /home/guilherme04/turtle_workspace/install/turtlesim/share/turtlesim/srv/TeleportAbsolute.srv
[18.256s] -- Up-to-date: /home/guilherme04/turtle_workspace/install/turtlesim/share/turtlesim/srv/TeleportAbsolute_Request.msg
[18.258s] -- Up-to-date: /home/guilherme04/turtle_workspace/install/turtlesim/share/turtlesim/srv/TeleportAbsolute_Response.msg
[18.258s] -- Up-to-date: /home/guilherme04/turtle_workspace/install/turtlesim/share/turtlesim/srv/TeleportRelative.srv
[18.258s] -- Up-to-date: /home/guilherme04/turtle_workspace/install/turtlesim/share/turtlesim/srv/TeleportRelative_Request.msg
[18.259s] -- Up-to-date: /home/guilherme04/turtle_workspace/install/turtlesim/share/turtlesim/srv/TeleportRelative_Response.msg
[18.259s] -- Up-to-date: /home/guilherme04/turtle_workspace/install/turtlesim/lib/turtlesim/turtlesim_node
[18.260s] -- Up-to-date: /home/guilherme04/turtle_workspace/install/turtlesim/lib/turtlesim/turtle_teleop_key
[18.260s] -- Up-to-date: /home/guilherme04/turtle_workspace/install/turtlesim/lib/turtlesim/draw_square
[18.265s] -- Up-to-date: /home/guilherme04/turtle_workspace/install/turtlesim/lib/turtlesim/mimic
[18.266s] -- Up-to-date: /home/guilherme04/turtle_workspace/install/turtlesim/share/turtlesim/images
[18.268s] -- Up-to-date: /home/guilherme04/turtle_workspace/install/turtlesim/share/turtlesim/images/humble.png
[18.269s] -- Up-to-date: /home/guilherme04/turtle_workspace/install/turtlesim/share/turtlesim/images/bouncy.png
[18.270s] -- Up-to-date: /home/guilherme04/turtle_workspace/install/turtlesim/share/turtlesim/images/dashing.png
[18.271s] -- Up-to-date: /home/guilherme04/turtle_workspace/install/turtlesim/share/turtlesim/images/ardent.png
[18.272s] -- Up-to-date: /home/guilherme04/turtle_workspace/install/turtlesim/share/turtlesim/images/foxy.png
[18.272s] -- Up-to-date: /home/guilherme04/turtle_workspace/install/turtlesim/share/turtlesim/images/rolling.png
[18.272s] -- Up-to-date: /home/guilherme04/turtle_workspace/install/turtlesim/share/turtlesim/images/crystal.png
[18.273s] -- Up-to-date: /home/guilherme04/turtle_workspace/install/turtlesim/share/turtlesim/images/eloquent.png
[18.274s] -- Up-to-date: /home/guilherme04/turtle_workspace/install/turtlesim/share/turtlesim/images/galactic.png
[18.274s] -- Up-to-date: /home/guilherme04/turtle_workspace/install/turtlesim/share/turtlesim/launch
[18.275s] -- Up-to-date: /home/guilherme04/turtle_workspace/install/turtlesim/share/turtlesim/launch/multisim.launch.py
[18.275s] -- Up-to-date: /home/guilherme04/turtle_workspace/install/turtlesim/share/ament_index/resource_index/package_run_dependencies/turtlesim
[18.276s] -- Up-to-date: /home/guilherme04/turtle_workspace/install/turtlesim/share/ament_index/resource_index/parent_prefix_path/turtlesim
[18.276s] -- Up-to-date: /home/guilherme04/turtle_workspace/install/turtlesim/share/turtlesim/environment/ament_prefix_path.sh
[18.277s] -- Up-to-date: /home/guilherme04/turtle_workspace/install/turtlesim/share/turtlesim/environment/ament_prefix_path.dsv
[18.279s] -- Up-to-date: /home/guilherme04/turtle_workspace/install/turtlesim/share/turtlesim/environment/path.sh
[18.280s] -- Up-to-date: /home/guilherme04/turtle_workspace/install/turtlesim/share/turtlesim/environment/path.dsv
[18.280s] -- Up-to-date: /home/guilherme04/turtle_workspace/install/turtlesim/share/turtlesim/local_setup.bash
[18.281s] -- Up-to-date: /home/guilherme04/turtle_workspace/install/turtlesim/share/turtlesim/local_setup.sh
[18.281s] -- Up-to-date: /home/guilherme04/turtle_workspace/install/turtlesim/share/turtlesim/local_setup.zsh
[18.281s] -- Up-to-date: /home/guilherme04/turtle_workspace/install/turtlesim/share/turtlesim/local_setup.dsv
[18.282s] -- Installing: /home/guilherme04/turtle_workspace/install/turtlesim/share/turtlesim/package.dsv
[18.282s] -- Up-to-date: /home/guilherme04/turtle_workspace/install/turtlesim/share/ament_index/resource_index/packages/turtlesim
[18.283s] -- Up-to-date: /home/guilherme04/turtle_workspace/install/turtlesim/share/turtlesim/cmake/export_turtlesim__rosidl_generator_cExport.cmake
[18.283s] -- Up-to-date: /home/guilherme04/turtle_workspace/install/turtlesim/share/turtlesim/cmake/export_turtlesim__rosidl_generator_cExport-noconfig.cmake
[18.283s] -- Up-to-date: /home/guilherme04/turtle_workspace/install/turtlesim/share/turtlesim/cmake/export_turtlesim__rosidl_typesupport_fastrtps_cExport.cmake
[18.284s] -- Up-to-date: /home/guilherme04/turtle_workspace/install/turtlesim/share/turtlesim/cmake/export_turtlesim__rosidl_typesupport_fastrtps_cExport-noconfig.cmake
[18.284s] -- Up-to-date: /home/guilherme04/turtle_workspace/install/turtlesim/share/turtlesim/cmake/export_turtlesim__rosidl_generator_cppExport.cmake
[18.284s] -- Up-to-date: /home/guilherme04/turtle_workspace/install/turtlesim/share/turtlesim/cmake/export_turtlesim__rosidl_typesupport_fastrtps_cppExport.cmake
[18.284s] -- Up-to-date: /home/guilherme04/turtle_workspace/install/turtlesim/share/turtlesim/cmake/export_turtlesim__rosidl_typesupport_fastrtps_cppExport-noconfig.cmake
[18.284s] -- Up-to-date: /home/guilherme04/turtle_workspace/install/turtlesim/share/turtlesim/cmake/turtlesim__rosidl_typesupport_introspection_cExport.cmake
[18.285s] -- Up-to-date: /home/guilherme04/turtle_workspace/install/turtlesim/share/turtlesim/cmake/turtlesim__rosidl_typesupport_introspection_cExport-noconfig.cmake
[18.285s] -- Up-to-date: /home/guilherme04/turtle_workspace/install/turtlesim/share/turtlesim/cmake/turtlesim__rosidl_typesupport_cExport.cmake
[18.285s] -- Up-to-date: /home/guilherme04/turtle_workspace/install/turtlesim/share/turtlesim/cmake/turtlesim__rosidl_typesupport_cExport-noconfig.cmake
[18.285s] -- Up-to-date: /home/guilherme04/turtle_workspace/install/turtlesim/share/turtlesim/cmake/turtlesim__rosidl_typesupport_introspection_cppExport.cmake
[18.285s] -- Up-to-date: /home/guilherme04/turtle_workspace/install/turtlesim/share/turtlesim/cmake/turtlesim__rosidl_typesupport_introspection_cppExport-noconfig.cmake
[18.285s] -- Up-to-date: /home/guilherme04/turtle_workspace/install/turtlesim/share/turtlesim/cmake/turtlesim__rosidl_typesupport_cppExport.cmake
[18.286s] -- Up-to-date: /home/guilherme04/turtle_workspace/install/turtlesim/share/turtlesim/cmake/turtlesim__rosidl_typesupport_cppExport-noconfig.cmake
[18.286s] -- Up-to-date: /home/guilherme04/turtle_workspace/install/turtlesim/share/turtlesim/cmake/export_turtlesim__rosidl_generator_pyExport.cmake
[18.286s] -- Up-to-date: /home/guilherme04/turtle_workspace/install/turtlesim/share/turtlesim/cmake/export_turtlesim__rosidl_generator_pyExport-noconfig.cmake
[18.286s] -- Up-to-date: /home/guilherme04/turtle_workspace/install/turtlesim/share/turtlesim/cmake/rosidl_cmake-extras.cmake
[18.286s] -- Up-to-date: /home/guilherme04/turtle_workspace/install/turtlesim/share/turtlesim/cmake/ament_cmake_export_dependencies-extras.cmake
[18.287s] -- Up-to-date: /home/guilherme04/turtle_workspace/install/turtlesim/share/turtlesim/cmake/ament_cmake_export_include_directories-extras.cmake
[18.287s] -- Up-to-date: /home/guilherme04/turtle_workspace/install/turtlesim/share/turtlesim/cmake/ament_cmake_export_libraries-extras.cmake
[18.287s] -- Up-to-date: /home/guilherme04/turtle_workspace/install/turtlesim/share/turtlesim/cmake/ament_cmake_export_targets-extras.cmake
[18.294s] -- Up-to-date: /home/guilherme04/turtle_workspace/install/turtlesim/share/turtlesim/cmake/rosidl_cmake_export_typesupport_targets-extras.cmake
[18.301s] -- Up-to-date: /home/guilherme04/turtle_workspace/install/turtlesim/share/turtlesim/cmake/rosidl_cmake_export_typesupport_libraries-extras.cmake
[18.304s] -- Up-to-date: /home/guilherme04/turtle_workspace/install/turtlesim/share/turtlesim/cmake/turtlesimConfig.cmake
[18.305s] -- Up-to-date: /home/guilherme04/turtle_workspace/install/turtlesim/share/turtlesim/cmake/turtlesimConfig-version.cmake
[18.306s] -- Up-to-date: /home/guilherme04/turtle_workspace/install/turtlesim/share/turtlesim/package.xml
[18.318s] Invoked command in '/home/guilherme04/turtle_workspace/build/turtlesim' returned '0': CMAKE_PREFIX_PATH=/opt/ros/humble /usr/bin/cmake --install /home/guilherme04/turtle_workspace/build/turtlesim
