[2.019s] Invoking command in '/home/guilherme04/turtle_workspace/src/turtle_pond': PYTHONPATH=/home/guilherme04/turtle_workspace/build/turtle_pond/prefix_override:/home/guilherme04/turtle_workspace/install/turtle_pond/lib/python3.10/site-packages:${PYTHONPATH} /usr/bin/python3 -W ignore:setup.py install is deprecated setup.py egg_info --egg-base ../../build/turtle_pond build --build-base /home/guilherme04/turtle_workspace/build/turtle_pond/build install --record /home/guilherme04/turtle_workspace/build/turtle_pond/install.log --single-version-externally-managed install_data
[2.477s] running egg_info
[2.480s] writing ../../build/turtle_pond/turtle_pond.egg-info/PKG-INFO
[2.481s] writing dependency_links to ../../build/turtle_pond/turtle_pond.egg-info/dependency_links.txt
[2.481s] writing entry points to ../../build/turtle_pond/turtle_pond.egg-info/entry_points.txt
[2.482s] writing requirements to ../../build/turtle_pond/turtle_pond.egg-info/requires.txt
[2.482s] writing top-level names to ../../build/turtle_pond/turtle_pond.egg-info/top_level.txt
[2.486s] reading manifest file '../../build/turtle_pond/turtle_pond.egg-info/SOURCES.txt'
[2.489s] writing manifest file '../../build/turtle_pond/turtle_pond.egg-info/SOURCES.txt'
[2.490s] running build
[2.490s] running build_py
[2.490s] running install
[2.490s] running install_lib
[2.494s] running install_data
[2.494s] running install_egg_info
[2.498s] removing '/home/guilherme04/turtle_workspace/install/turtle_pond/lib/python3.10/site-packages/turtle_pond-0.0.0-py3.10.egg-info' (and everything under it)
[2.498s] Copying ../../build/turtle_pond/turtle_pond.egg-info to /home/guilherme04/turtle_workspace/install/turtle_pond/lib/python3.10/site-packages/turtle_pond-0.0.0-py3.10.egg-info
[2.500s] running install_scripts
[2.542s] Installing turtle script to /home/guilherme04/turtle_workspace/install/turtle_pond/lib/turtle_pond
[2.542s] writing list of installed files to '/home/guilherme04/turtle_workspace/build/turtle_pond/install.log'
[2.649s] Invoked command in '/home/guilherme04/turtle_workspace/src/turtle_pond' returned '0': PYTHONPATH=/home/guilherme04/turtle_workspace/build/turtle_pond/prefix_override:/home/guilherme04/turtle_workspace/install/turtle_pond/lib/python3.10/site-packages:${PYTHONPATH} /usr/bin/python3 -W ignore:setup.py install is deprecated setup.py egg_info --egg-base ../../build/turtle_pond build --build-base /home/guilherme04/turtle_workspace/build/turtle_pond/build install --record /home/guilherme04/turtle_workspace/build/turtle_pond/install.log --single-version-externally-managed install_data
