[12.754s] Invoking command in '/home/guilherme04/turtle_workspace/src/burguer_controller': PYTHONPATH=/home/guilherme04/turtle_workspace/build/burguer_controller/prefix_override:/home/guilherme04/turtle_workspace/install/burguer_controller/lib/python3.10/site-packages:${PYTHONPATH} /usr/bin/python3 -W ignore:setup.py install is deprecated setup.py egg_info --egg-base ../../build/burguer_controller build --build-base /home/guilherme04/turtle_workspace/build/burguer_controller/build install --record /home/guilherme04/turtle_workspace/build/burguer_controller/install.log --single-version-externally-managed install_data
[16.780s] running egg_info
[16.781s] writing ../../build/burguer_controller/burguer_controller.egg-info/PKG-INFO
[16.794s] writing dependency_links to ../../build/burguer_controller/burguer_controller.egg-info/dependency_links.txt
[16.797s] writing entry points to ../../build/burguer_controller/burguer_controller.egg-info/entry_points.txt
[16.804s] writing requirements to ../../build/burguer_controller/burguer_controller.egg-info/requires.txt
[16.807s] writing top-level names to ../../build/burguer_controller/burguer_controller.egg-info/top_level.txt
[16.823s] reading manifest file '../../build/burguer_controller/burguer_controller.egg-info/SOURCES.txt'
[16.861s] writing manifest file '../../build/burguer_controller/burguer_controller.egg-info/SOURCES.txt'
[16.862s] running build
[16.862s] running build_py
[16.878s] copying burguer_controller/burguer_node.py -> /home/guilherme04/turtle_workspace/build/burguer_controller/build/lib/burguer_controller
[16.908s] running install
[16.910s] running install_lib
[16.928s] copying /home/guilherme04/turtle_workspace/build/burguer_controller/build/lib/burguer_controller/burguer_node.py -> /home/guilherme04/turtle_workspace/install/burguer_controller/lib/python3.10/site-packages/burguer_controller
[16.984s] byte-compiling /home/guilherme04/turtle_workspace/install/burguer_controller/lib/python3.10/site-packages/burguer_controller/burguer_node.py to burguer_node.cpython-310.pyc
[17.002s] running install_data
[17.003s] running install_egg_info
[17.069s] removing '/home/guilherme04/turtle_workspace/install/burguer_controller/lib/python3.10/site-packages/burguer_controller-0.0.0-py3.10.egg-info' (and everything under it)
[17.074s] Copying ../../build/burguer_controller/burguer_controller.egg-info to /home/guilherme04/turtle_workspace/install/burguer_controller/lib/python3.10/site-packages/burguer_controller-0.0.0-py3.10.egg-info
[17.245s] running install_scripts
[17.629s] Installing release_node script to /home/guilherme04/turtle_workspace/install/burguer_controller/lib/burguer_controller
[17.639s] writing list of installed files to '/home/guilherme04/turtle_workspace/build/burguer_controller/install.log'
[18.268s] Invoked command in '/home/guilherme04/turtle_workspace/src/burguer_controller' returned '0': PYTHONPATH=/home/guilherme04/turtle_workspace/build/burguer_controller/prefix_override:/home/guilherme04/turtle_workspace/install/burguer_controller/lib/python3.10/site-packages:${PYTHONPATH} /usr/bin/python3 -W ignore:setup.py install is deprecated setup.py egg_info --egg-base ../../build/burguer_controller build --build-base /home/guilherme04/turtle_workspace/build/burguer_controller/build install --record /home/guilherme04/turtle_workspace/build/burguer_controller/install.log --single-version-externally-managed install_data
