[1.130s] DEBUG:colcon:Command line arguments: ['/usr/bin/colcon', 'list', '-p', '--base-paths', '/home/guilherme04/turtle_workspace']
[1.131s] DEBUG:colcon:Parsed command line arguments: Namespace(log_base=None, log_level=None, verb_name='list', build_base='build', ignore_user_meta=False, metas=['./colcon.meta'], base_paths=['/home/guilherme04/turtle_workspace'], packages_ignore=None, packages_ignore_regex=None, paths=None, packages_up_to=None, packages_up_to_regex=None, packages_above=None, packages_above_and_dependencies=None, packages_above_depth=None, packages_select_by_dep=None, packages_skip_by_dep=None, packages_skip_up_to=None, packages_select_build_failed=False, packages_skip_build_finished=False, packages_select_test_failures=False, packages_skip_test_passed=False, packages_select=None, packages_skip=None, packages_select_regex=None, packages_skip_regex=None, packages_start=None, packages_end=None, allow_overriding=[], topological_order=False, names_only=False, paths_only=True, topological_graph=False, topological_graph_dot=False, topological_graph_density=False, topological_graph_legend=False, topological_graph_dot_cluster=False, topological_graph_dot_include_skipped=False, verb_parser=<colcon_defaults.argument_parser.defaults.DefaultArgumentsDecorator object at 0x7f439dfbcd60>, verb_extension=<colcon_package_information.verb.list.ListVerb object at 0x7f439e0c0f70>, main=<bound method ListVerb.main of <colcon_package_information.verb.list.ListVerb object at 0x7f439e0c0f70>>)
[2.756s] Level 1:colcon.colcon_core.package_discovery:discover_packages(colcon_meta) check parameters
[2.756s] Level 1:colcon.colcon_core.package_discovery:discover_packages(recursive) check parameters
[2.756s] Level 1:colcon.colcon_core.package_discovery:discover_packages(ignore) check parameters
[2.756s] Level 1:colcon.colcon_core.package_discovery:discover_packages(path) check parameters
[2.756s] Level 1:colcon.colcon_core.package_discovery:discover_packages(recursive) discover
[2.756s] INFO:colcon.colcon_core.package_discovery:Crawling recursively for packages in '/home/guilherme04/turtle_workspace'
[2.756s] Level 1:colcon.colcon_core.package_identification:_identify(/home/guilherme04/turtle_workspace) by extensions ['ignore', 'ignore_ament_install']
[2.757s] Level 1:colcon.colcon_core.package_identification:_identify(/home/guilherme04/turtle_workspace) by extension 'ignore'
[2.761s] Level 1:colcon.colcon_core.package_identification:_identify(/home/guilherme04/turtle_workspace) by extension 'ignore_ament_install'
[2.761s] Level 1:colcon.colcon_core.package_identification:_identify(/home/guilherme04/turtle_workspace) by extensions ['colcon_pkg']
[2.762s] Level 1:colcon.colcon_core.package_identification:_identify(/home/guilherme04/turtle_workspace) by extension 'colcon_pkg'
[2.762s] Level 1:colcon.colcon_core.package_identification:_identify(/home/guilherme04/turtle_workspace) by extensions ['colcon_meta']
[2.762s] Level 1:colcon.colcon_core.package_identification:_identify(/home/guilherme04/turtle_workspace) by extension 'colcon_meta'
[2.762s] Level 1:colcon.colcon_core.package_identification:_identify(/home/guilherme04/turtle_workspace) by extensions ['ros']
[2.762s] Level 1:colcon.colcon_core.package_identification:_identify(/home/guilherme04/turtle_workspace) by extension 'ros'
[2.933s] Level 1:colcon.colcon_core.package_identification:_identify(/home/guilherme04/turtle_workspace) by extensions ['cmake', 'python']
[2.934s] Level 1:colcon.colcon_core.package_identification:_identify(/home/guilherme04/turtle_workspace) by extension 'cmake'
[2.934s] Level 1:colcon.colcon_core.package_identification:_identify(/home/guilherme04/turtle_workspace) by extension 'python'
[2.934s] Level 1:colcon.colcon_core.package_identification:_identify(/home/guilherme04/turtle_workspace) by extensions ['python_setup_py']
[2.934s] Level 1:colcon.colcon_core.package_identification:_identify(/home/guilherme04/turtle_workspace) by extension 'python_setup_py'
[2.935s] Level 1:colcon.colcon_core.package_identification:_identify(/home/guilherme04/turtle_workspace/build) by extensions ['ignore', 'ignore_ament_install']
[2.935s] Level 1:colcon.colcon_core.package_identification:_identify(/home/guilherme04/turtle_workspace/build) by extension 'ignore'
[2.935s] Level 1:colcon.colcon_core.package_identification:_identify(/home/guilherme04/turtle_workspace/build) ignored
[2.936s] Level 1:colcon.colcon_core.package_identification:_identify(/home/guilherme04/turtle_workspace/install) by extensions ['ignore', 'ignore_ament_install']
[2.936s] Level 1:colcon.colcon_core.package_identification:_identify(/home/guilherme04/turtle_workspace/install) by extension 'ignore'
[2.936s] Level 1:colcon.colcon_core.package_identification:_identify(/home/guilherme04/turtle_workspace/install) ignored
[2.937s] Level 1:colcon.colcon_core.package_identification:_identify(/home/guilherme04/turtle_workspace/log) by extensions ['ignore', 'ignore_ament_install']
[2.937s] Level 1:colcon.colcon_core.package_identification:_identify(/home/guilherme04/turtle_workspace/log) by extension 'ignore'
[2.937s] Level 1:colcon.colcon_core.package_identification:_identify(/home/guilherme04/turtle_workspace/log) ignored
[2.937s] Level 1:colcon.colcon_core.package_identification:_identify(/home/guilherme04/turtle_workspace/src) by extensions ['ignore', 'ignore_ament_install']
[2.937s] Level 1:colcon.colcon_core.package_identification:_identify(/home/guilherme04/turtle_workspace/src) by extension 'ignore'
[2.937s] Level 1:colcon.colcon_core.package_identification:_identify(/home/guilherme04/turtle_workspace/src) by extension 'ignore_ament_install'
[2.937s] Level 1:colcon.colcon_core.package_identification:_identify(/home/guilherme04/turtle_workspace/src) by extensions ['colcon_pkg']
[2.937s] Level 1:colcon.colcon_core.package_identification:_identify(/home/guilherme04/turtle_workspace/src) by extension 'colcon_pkg'
[2.937s] Level 1:colcon.colcon_core.package_identification:_identify(/home/guilherme04/turtle_workspace/src) by extensions ['colcon_meta']
[2.937s] Level 1:colcon.colcon_core.package_identification:_identify(/home/guilherme04/turtle_workspace/src) by extension 'colcon_meta'
[2.938s] Level 1:colcon.colcon_core.package_identification:_identify(/home/guilherme04/turtle_workspace/src) by extensions ['ros']
[2.938s] Level 1:colcon.colcon_core.package_identification:_identify(/home/guilherme04/turtle_workspace/src) by extension 'ros'
[2.938s] Level 1:colcon.colcon_core.package_identification:_identify(/home/guilherme04/turtle_workspace/src) by extensions ['cmake', 'python']
[2.938s] Level 1:colcon.colcon_core.package_identification:_identify(/home/guilherme04/turtle_workspace/src) by extension 'cmake'
[2.938s] Level 1:colcon.colcon_core.package_identification:_identify(/home/guilherme04/turtle_workspace/src) by extension 'python'
[2.938s] Level 1:colcon.colcon_core.package_identification:_identify(/home/guilherme04/turtle_workspace/src) by extensions ['python_setup_py']
[2.938s] Level 1:colcon.colcon_core.package_identification:_identify(/home/guilherme04/turtle_workspace/src) by extension 'python_setup_py'
[2.938s] Level 1:colcon.colcon_core.package_identification:_identify(/home/guilherme04/turtle_workspace/src/burguer_controller) by extensions ['ignore', 'ignore_ament_install']
[2.939s] Level 1:colcon.colcon_core.package_identification:_identify(/home/guilherme04/turtle_workspace/src/burguer_controller) by extension 'ignore'
[2.939s] Level 1:colcon.colcon_core.package_identification:_identify(/home/guilherme04/turtle_workspace/src/burguer_controller) by extension 'ignore_ament_install'
[2.939s] Level 1:colcon.colcon_core.package_identification:_identify(/home/guilherme04/turtle_workspace/src/burguer_controller) by extensions ['colcon_pkg']
[2.939s] Level 1:colcon.colcon_core.package_identification:_identify(/home/guilherme04/turtle_workspace/src/burguer_controller) by extension 'colcon_pkg'
[2.939s] Level 1:colcon.colcon_core.package_identification:_identify(/home/guilherme04/turtle_workspace/src/burguer_controller) by extensions ['colcon_meta']
[2.939s] Level 1:colcon.colcon_core.package_identification:_identify(/home/guilherme04/turtle_workspace/src/burguer_controller) by extension 'colcon_meta'
[2.939s] Level 1:colcon.colcon_core.package_identification:_identify(/home/guilherme04/turtle_workspace/src/burguer_controller) by extensions ['ros']
[2.939s] Level 1:colcon.colcon_core.package_identification:_identify(/home/guilherme04/turtle_workspace/src/burguer_controller) by extension 'ros'
[2.953s] DEBUG:colcon.colcon_core.package_identification:Package '/home/guilherme04/turtle_workspace/src/burguer_controller' with type 'ros.ament_python' and name 'burguer_controller'
[2.953s] Level 1:colcon.colcon_core.package_identification:_identify(/home/guilherme04/turtle_workspace/src/ros_tutorials) by extensions ['ignore', 'ignore_ament_install']
[2.954s] Level 1:colcon.colcon_core.package_identification:_identify(/home/guilherme04/turtle_workspace/src/ros_tutorials) by extension 'ignore'
[2.954s] Level 1:colcon.colcon_core.package_identification:_identify(/home/guilherme04/turtle_workspace/src/ros_tutorials) by extension 'ignore_ament_install'
[2.954s] Level 1:colcon.colcon_core.package_identification:_identify(/home/guilherme04/turtle_workspace/src/ros_tutorials) by extensions ['colcon_pkg']
[2.954s] Level 1:colcon.colcon_core.package_identification:_identify(/home/guilherme04/turtle_workspace/src/ros_tutorials) by extension 'colcon_pkg'
[2.954s] Level 1:colcon.colcon_core.package_identification:_identify(/home/guilherme04/turtle_workspace/src/ros_tutorials) by extensions ['colcon_meta']
[2.954s] Level 1:colcon.colcon_core.package_identification:_identify(/home/guilherme04/turtle_workspace/src/ros_tutorials) by extension 'colcon_meta'
[2.954s] Level 1:colcon.colcon_core.package_identification:_identify(/home/guilherme04/turtle_workspace/src/ros_tutorials) by extensions ['ros']
[2.954s] Level 1:colcon.colcon_core.package_identification:_identify(/home/guilherme04/turtle_workspace/src/ros_tutorials) by extension 'ros'
[2.954s] Level 1:colcon.colcon_core.package_identification:_identify(/home/guilherme04/turtle_workspace/src/ros_tutorials) by extensions ['cmake', 'python']
[2.955s] Level 1:colcon.colcon_core.package_identification:_identify(/home/guilherme04/turtle_workspace/src/ros_tutorials) by extension 'cmake'
[2.955s] Level 1:colcon.colcon_core.package_identification:_identify(/home/guilherme04/turtle_workspace/src/ros_tutorials) by extension 'python'
[2.955s] Level 1:colcon.colcon_core.package_identification:_identify(/home/guilherme04/turtle_workspace/src/ros_tutorials) by extensions ['python_setup_py']
[2.955s] Level 1:colcon.colcon_core.package_identification:_identify(/home/guilherme04/turtle_workspace/src/ros_tutorials) by extension 'python_setup_py'
[2.955s] Level 1:colcon.colcon_core.package_identification:_identify(/home/guilherme04/turtle_workspace/src/ros_tutorials/ros_tutorials) by extensions ['ignore', 'ignore_ament_install']
[2.955s] Level 1:colcon.colcon_core.package_identification:_identify(/home/guilherme04/turtle_workspace/src/ros_tutorials/ros_tutorials) by extension 'ignore'
[2.955s] Level 1:colcon.colcon_core.package_identification:_identify(/home/guilherme04/turtle_workspace/src/ros_tutorials/ros_tutorials) ignored
[2.956s] Level 1:colcon.colcon_core.package_identification:_identify(/home/guilherme04/turtle_workspace/src/ros_tutorials/roscpp_tutorials) by extensions ['ignore', 'ignore_ament_install']
[2.960s] Level 1:colcon.colcon_core.package_identification:_identify(/home/guilherme04/turtle_workspace/src/ros_tutorials/roscpp_tutorials) by extension 'ignore'
[2.963s] Level 1:colcon.colcon_core.package_identification:_identify(/home/guilherme04/turtle_workspace/src/ros_tutorials/roscpp_tutorials) ignored
[2.963s] Level 1:colcon.colcon_core.package_identification:_identify(/home/guilherme04/turtle_workspace/src/ros_tutorials/rospy_tutorials) by extensions ['ignore', 'ignore_ament_install']
[2.964s] Level 1:colcon.colcon_core.package_identification:_identify(/home/guilherme04/turtle_workspace/src/ros_tutorials/rospy_tutorials) by extension 'ignore'
[2.964s] Level 1:colcon.colcon_core.package_identification:_identify(/home/guilherme04/turtle_workspace/src/ros_tutorials/rospy_tutorials) ignored
[2.965s] Level 1:colcon.colcon_core.package_identification:_identify(/home/guilherme04/turtle_workspace/src/ros_tutorials/turtlesim) by extensions ['ignore', 'ignore_ament_install']
[2.965s] Level 1:colcon.colcon_core.package_identification:_identify(/home/guilherme04/turtle_workspace/src/ros_tutorials/turtlesim) by extension 'ignore'
[2.965s] Level 1:colcon.colcon_core.package_identification:_identify(/home/guilherme04/turtle_workspace/src/ros_tutorials/turtlesim) by extension 'ignore_ament_install'
[2.966s] Level 1:colcon.colcon_core.package_identification:_identify(/home/guilherme04/turtle_workspace/src/ros_tutorials/turtlesim) by extensions ['colcon_pkg']
[2.966s] Level 1:colcon.colcon_core.package_identification:_identify(/home/guilherme04/turtle_workspace/src/ros_tutorials/turtlesim) by extension 'colcon_pkg'
[2.966s] Level 1:colcon.colcon_core.package_identification:_identify(/home/guilherme04/turtle_workspace/src/ros_tutorials/turtlesim) by extensions ['colcon_meta']
[2.966s] Level 1:colcon.colcon_core.package_identification:_identify(/home/guilherme04/turtle_workspace/src/ros_tutorials/turtlesim) by extension 'colcon_meta'
[2.967s] Level 1:colcon.colcon_core.package_identification:_identify(/home/guilherme04/turtle_workspace/src/ros_tutorials/turtlesim) by extensions ['ros']
[2.967s] Level 1:colcon.colcon_core.package_identification:_identify(/home/guilherme04/turtle_workspace/src/ros_tutorials/turtlesim) by extension 'ros'
[2.970s] DEBUG:colcon.colcon_core.package_identification:Package '/home/guilherme04/turtle_workspace/src/ros_tutorials/turtlesim' with type 'ros.ament_cmake' and name 'turtlesim'
[2.970s] Level 1:colcon.colcon_core.package_identification:_identify(/home/guilherme04/turtle_workspace/src/turtle_pond) by extensions ['ignore', 'ignore_ament_install']
[2.971s] Level 1:colcon.colcon_core.package_identification:_identify(/home/guilherme04/turtle_workspace/src/turtle_pond) by extension 'ignore'
[2.971s] Level 1:colcon.colcon_core.package_identification:_identify(/home/guilherme04/turtle_workspace/src/turtle_pond) by extension 'ignore_ament_install'
[2.971s] Level 1:colcon.colcon_core.package_identification:_identify(/home/guilherme04/turtle_workspace/src/turtle_pond) by extensions ['colcon_pkg']
[2.971s] Level 1:colcon.colcon_core.package_identification:_identify(/home/guilherme04/turtle_workspace/src/turtle_pond) by extension 'colcon_pkg'
[2.972s] Level 1:colcon.colcon_core.package_identification:_identify(/home/guilherme04/turtle_workspace/src/turtle_pond) by extensions ['colcon_meta']
[2.972s] Level 1:colcon.colcon_core.package_identification:_identify(/home/guilherme04/turtle_workspace/src/turtle_pond) by extension 'colcon_meta'
[2.972s] Level 1:colcon.colcon_core.package_identification:_identify(/home/guilherme04/turtle_workspace/src/turtle_pond) by extensions ['ros']
[2.972s] Level 1:colcon.colcon_core.package_identification:_identify(/home/guilherme04/turtle_workspace/src/turtle_pond) by extension 'ros'
[2.978s] DEBUG:colcon.colcon_core.package_identification:Package '/home/guilherme04/turtle_workspace/src/turtle_pond' with type 'ros.ament_python' and name 'turtle_pond'
[2.978s] Level 1:colcon.colcon_core.package_discovery:discover_packages(recursive) using defaults
