[2.071s] Invoking command in '/home/guilherme04/turtle_workspace/src/burguer_controller': PYTHONPATH=/home/guilherme04/turtle_workspace/build/burguer_controller/prefix_override:/home/guilherme04/turtle_workspace/install/burguer_controller/lib/python3.10/site-packages:${PYTHONPATH} /usr/bin/python3 -W ignore:setup.py install is deprecated setup.py egg_info --egg-base ../../build/burguer_controller build --build-base /home/guilherme04/turtle_workspace/build/burguer_controller/build install --record /home/guilherme04/turtle_workspace/build/burguer_controller/install.log --single-version-externally-managed install_data
[2.534s] running egg_info
[2.536s] creating ../../build/burguer_controller/burguer_controller.egg-info
[2.536s] writing ../../build/burguer_controller/burguer_controller.egg-info/PKG-INFO
[2.537s] writing dependency_links to ../../build/burguer_controller/burguer_controller.egg-info/dependency_links.txt
[2.538s] writing entry points to ../../build/burguer_controller/burguer_controller.egg-info/entry_points.txt
[2.538s] writing requirements to ../../build/burguer_controller/burguer_controller.egg-info/requires.txt
[2.539s] writing top-level names to ../../build/burguer_controller/burguer_controller.egg-info/top_level.txt
[2.539s] writing manifest file '../../build/burguer_controller/burguer_controller.egg-info/SOURCES.txt'
[2.541s] reading manifest file '../../build/burguer_controller/burguer_controller.egg-info/SOURCES.txt'
[2.542s] writing manifest file '../../build/burguer_controller/burguer_controller.egg-info/SOURCES.txt'
[2.542s] running build
[2.542s] running build_py
[2.543s] creating /home/guilherme04/turtle_workspace/build/burguer_controller/build
[2.544s] creating /home/guilherme04/turtle_workspace/build/burguer_controller/build/lib
[2.544s] creating /home/guilherme04/turtle_workspace/build/burguer_controller/build/lib/burguer_controller
[2.545s] copying burguer_controller/__init__.py -> /home/guilherme04/turtle_workspace/build/burguer_controller/build/lib/burguer_controller
[2.546s] running install
[2.546s] running install_lib
[2.549s] creating /home/guilherme04/turtle_workspace/install/burguer_controller/lib/python3.10/site-packages/burguer_controller
[2.551s] copying /home/guilherme04/turtle_workspace/build/burguer_controller/build/lib/burguer_controller/__init__.py -> /home/guilherme04/turtle_workspace/install/burguer_controller/lib/python3.10/site-packages/burguer_controller
[2.552s] byte-compiling /home/guilherme04/turtle_workspace/install/burguer_controller/lib/python3.10/site-packages/burguer_controller/__init__.py to __init__.cpython-310.pyc
[2.553s] running install_data
[2.554s] creating /home/guilherme04/turtle_workspace/install/burguer_controller/share/ament_index
[2.555s] creating /home/guilherme04/turtle_workspace/install/burguer_controller/share/ament_index/resource_index
[2.555s] creating /home/guilherme04/turtle_workspace/install/burguer_controller/share/ament_index/resource_index/packages
[2.556s] copying resource/burguer_controller -> /home/guilherme04/turtle_workspace/install/burguer_controller/share/ament_index/resource_index/packages
[2.556s] copying package.xml -> /home/guilherme04/turtle_workspace/install/burguer_controller/share/burguer_controller
[2.556s] running install_egg_info
[2.558s] Copying ../../build/burguer_controller/burguer_controller.egg-info to /home/guilherme04/turtle_workspace/install/burguer_controller/lib/python3.10/site-packages/burguer_controller-0.0.0-py3.10.egg-info
[2.560s] running install_scripts
[2.599s] writing list of installed files to '/home/guilherme04/turtle_workspace/build/burguer_controller/install.log'
[2.717s] Invoked command in '/home/guilherme04/turtle_workspace/src/burguer_controller' returned '0': PYTHONPATH=/home/guilherme04/turtle_workspace/build/burguer_controller/prefix_override:/home/guilherme04/turtle_workspace/install/burguer_controller/lib/python3.10/site-packages:${PYTHONPATH} /usr/bin/python3 -W ignore:setup.py install is deprecated setup.py egg_info --egg-base ../../build/burguer_controller build --build-base /home/guilherme04/turtle_workspace/build/burguer_controller/build install --record /home/guilherme04/turtle_workspace/build/burguer_controller/install.log --single-version-externally-managed install_data
