[12.452s] Invoking command in '/home/guilherme04/turtle_workspace/src/turtle_pond': PYTHONPATH=/home/guilherme04/turtle_workspace/build/turtle_pond/prefix_override:/home/guilherme04/turtle_workspace/install/turtle_pond/lib/python3.10/site-packages:${PYTHONPATH} /usr/bin/python3 -W ignore:setup.py install is deprecated setup.py egg_info --egg-base ../../build/turtle_pond build --build-base /home/guilherme04/turtle_workspace/build/turtle_pond/build install --record /home/guilherme04/turtle_workspace/build/turtle_pond/install.log --single-version-externally-managed install_data
[16.282s] running egg_info
[16.401s] writing ../../build/turtle_pond/turtle_pond.egg-info/PKG-INFO
[16.447s] writing dependency_links to ../../build/turtle_pond/turtle_pond.egg-info/dependency_links.txt
[16.448s] writing entry points to ../../build/turtle_pond/turtle_pond.egg-info/entry_points.txt
[16.482s] writing requirements to ../../build/turtle_pond/turtle_pond.egg-info/requires.txt
[16.483s] writing top-level names to ../../build/turtle_pond/turtle_pond.egg-info/top_level.txt
[16.506s] reading manifest file '../../build/turtle_pond/turtle_pond.egg-info/SOURCES.txt'
[16.508s] writing manifest file '../../build/turtle_pond/turtle_pond.egg-info/SOURCES.txt'
[16.516s] running build
[16.516s] running build_py
[16.517s] running install
[16.519s] running install_lib
[16.535s] running install_data
[16.537s] running install_egg_info
[16.554s] removing '/home/guilherme04/turtle_workspace/install/turtle_pond/lib/python3.10/site-packages/turtle_pond-0.0.0-py3.10.egg-info' (and everything under it)
[16.589s] Copying ../../build/turtle_pond/turtle_pond.egg-info to /home/guilherme04/turtle_workspace/install/turtle_pond/lib/python3.10/site-packages/turtle_pond-0.0.0-py3.10.egg-info
[16.617s] running install_scripts
[17.034s] Installing turtle script to /home/guilherme04/turtle_workspace/install/turtle_pond/lib/turtle_pond
[17.047s] writing list of installed files to '/home/guilherme04/turtle_workspace/build/turtle_pond/install.log'
[17.720s] Invoked command in '/home/guilherme04/turtle_workspace/src/turtle_pond' returned '0': PYTHONPATH=/home/guilherme04/turtle_workspace/build/turtle_pond/prefix_override:/home/guilherme04/turtle_workspace/install/turtle_pond/lib/python3.10/site-packages:${PYTHONPATH} /usr/bin/python3 -W ignore:setup.py install is deprecated setup.py egg_info --egg-base ../../build/turtle_pond build --build-base /home/guilherme04/turtle_workspace/build/turtle_pond/build install --record /home/guilherme04/turtle_workspace/build/turtle_pond/install.log --single-version-externally-managed install_data
